DKMS make.log for amdgpu-6.0.5-1620033.22.04 for kernel 6.2.0-26-generic (x86_64)
Tue Aug  1 19:31:08 UTC 2023
make: Entering directory '/usr/src/linux-headers-6.2.0-26-generic'
warning: the compiler differs from the one used to build the kernel
  The kernel was built by: x86_64-linux-gnu-gcc-12 (Ubuntu 12.2.0-17ubuntu1) 12.2.0
  You are using:           gcc-12 (Ubuntu 12.3.0-1ubuntu1~23.04) 12.3.0
  CC [M]  /var/lib/dkms/amdgpu/6.0.5-1620033.22.04/build/scheduler/sched_main.o
  CC [M]  /var/lib/dkms/amdgpu/6.0.5-1620033.22.04/build/scheduler/sched_fence.o
  CC [M]  /var/lib/dkms/amdgpu/6.0.5-1620033.22.04/build/scheduler/sched_entity.o
  CC [M]  /var/lib/dkms/amdgpu/6.0.5-1620033.22.04/build/ttm/ttm_tt.o
  CC [M]  /var/lib/dkms/amdgpu/6.0.5-1620033.22.04/build/drm_gem_ttm_helper.o
  CC [M]  /var/lib/dkms/amdgpu/6.0.5-1620033.22.04/build/ttm/ttm_bo.o
  CC [M]  /var/lib/dkms/amdgpu/6.0.5-1620033.22.04/build/ttm/ttm_bo_util.o
  CC [M]  /var/lib/dkms/amdgpu/6.0.5-1620033.22.04/build/ttm/ttm_bo_vm.o
  CC [M]  /var/lib/dkms/amdgpu/6.0.5-1620033.22.04/build/amd/amdkcl/main.o
  CC [M]  /var/lib/dkms/amdgpu/6.0.5-1620033.22.04/build/ttm/ttm_module.o
  CC [M]  /var/lib/dkms/amdgpu/6.0.5-1620033.22.04/build/amd/amdkcl/symbols.o
  CC [M]  /var/lib/dkms/amdgpu/6.0.5-1620033.22.04/build/ttm/ttm_execbuf_util.o
  CC [M]  /var/lib/dkms/amdgpu/6.0.5-1620033.22.04/build/amd/amdkcl/kcl_common.o
  CC [M]  /var/lib/dkms/amdgpu/6.0.5-1620033.22.04/build/ttm/ttm_range_manager.o
  CC [M]  /var/lib/dkms/amdgpu/6.0.5-1620033.22.04/build/drm_buddy.o
  CC [M]  /var/lib/dkms/amdgpu/6.0.5-1620033.22.04/build/amd/amdgpu/amdgpu_drv.o
  CC [M]  /var/lib/dkms/amdgpu/6.0.5-1620033.22.04/build/ttm/ttm_resource.o
  CC [M]  /var/lib/dkms/amdgpu/6.0.5-1620033.22.04/build/amd/amdkcl/kcl_kernel_params.o
  CC [M]  /var/lib/dkms/amdgpu/6.0.5-1620033.22.04/build/ttm/ttm_pool.o
  CC [M]  /var/lib/dkms/amdgpu/6.0.5-1620033.22.04/build/amd/amdgpu/amdgpu_device.o
  CC [M]  /var/lib/dkms/amdgpu/6.0.5-1620033.22.04/build/amd/amdkcl/dma-buf/dma-resv.o
  CC [M]  /var/lib/dkms/amdgpu/6.0.5-1620033.22.04/build/amd/amdkcl/kcl_backlight.o
  CC [M]  /var/lib/dkms/amdgpu/6.0.5-1620033.22.04/build/ttm/ttm_device.o
  CC [M]  /var/lib/dkms/amdgpu/6.0.5-1620033.22.04/build/ttm/ttm_sys_manager.o
  LD [M]  /var/lib/dkms/amdgpu/6.0.5-1620033.22.04/build/amddrm_ttm_helper.o
  LD [M]  /var/lib/dkms/amdgpu/6.0.5-1620033.22.04/build/amddrm_buddy.o
  CC [M]  /var/lib/dkms/amdgpu/6.0.5-1620033.22.04/build/amd/amdkcl/kcl_ioctl.o
  CC [M]  /var/lib/dkms/amdgpu/6.0.5-1620033.22.04/build/amd/amdkcl/kcl_kthread.o
  CC [M]  /var/lib/dkms/amdgpu/6.0.5-1620033.22.04/build/ttm/ttm_agp_backend.o
  CC [M]  /var/lib/dkms/amdgpu/6.0.5-1620033.22.04/build/amd/amdkcl/kcl_io.o
  CC [M]  /var/lib/dkms/amdgpu/6.0.5-1620033.22.04/build/amd/amdkcl/kcl_perf_event.o
  CC [M]  /var/lib/dkms/amdgpu/6.0.5-1620033.22.04/build/amd/amdkcl/kcl_seq_file.o
  CC [M]  /var/lib/dkms/amdgpu/6.0.5-1620033.22.04/build/amd/amdkcl/kcl_suspend.o
  CC [M]  /var/lib/dkms/amdgpu/6.0.5-1620033.22.04/build/amd/amdkcl/kcl_pci.o
  CC [M]  /var/lib/dkms/amdgpu/6.0.5-1620033.22.04/build/amd/amdkcl/kcl_mm.o
  CC [M]  /var/lib/dkms/amdgpu/6.0.5-1620033.22.04/build/amd/amdkcl/kcl_memory.o
  CC [M]  /var/lib/dkms/amdgpu/6.0.5-1620033.22.04/build/amd/amdkcl/kcl_sched.o
  LD [M]  /var/lib/dkms/amdgpu/6.0.5-1620033.22.04/build/scheduler/amd-sched.o
  CC [M]  /var/lib/dkms/amdgpu/6.0.5-1620033.22.04/build/amd/amdgpu/amdgpu_kms.o
  CC [M]  /var/lib/dkms/amdgpu/6.0.5-1620033.22.04/build/amd/amdgpu/amdgpu_atombios.o
  CC [M]  /var/lib/dkms/amdgpu/6.0.5-1620033.22.04/build/amd/amdkcl/kcl_fence.o
  CC [M]  /var/lib/dkms/amdgpu/6.0.5-1620033.22.04/build/amd/amdkcl/kcl_fence_array.o
  CC [M]  /var/lib/dkms/amdgpu/6.0.5-1620033.22.04/build/amd/amdkcl/kcl_reservation.o
  CC [M]  /var/lib/dkms/amdgpu/6.0.5-1620033.22.04/build/amd/amdkcl/kcl_drm_cache.o
  CC [M]  /var/lib/dkms/amdgpu/6.0.5-1620033.22.04/build/amd/amdkcl/kcl_drm_auth.o
  CC [M]  /var/lib/dkms/amdgpu/6.0.5-1620033.22.04/build/amd/amdkcl/kcl_drm_fb.o
  CC [M]  /var/lib/dkms/amdgpu/6.0.5-1620033.22.04/build/amd/amdgpu/atombios_crtc.o
  CC [M]  /var/lib/dkms/amdgpu/6.0.5-1620033.22.04/build/amd/amdkcl/kcl_drm_print.o
  CC [M]  /var/lib/dkms/amdgpu/6.0.5-1620033.22.04/build/amd/amdgpu/amdgpu_connectors.o
  CC [M]  /var/lib/dkms/amdgpu/6.0.5-1620033.22.04/build/amd/amdkcl/kcl_fbmem.o
  CC [M]  /var/lib/dkms/amdgpu/6.0.5-1620033.22.04/build/amd/amdkcl/kcl_drm_crtc.o
  CC [M]  /var/lib/dkms/amdgpu/6.0.5-1620033.22.04/build/amd/amdkcl/kcl_drm_connector.o
  CC [M]  /var/lib/dkms/amdgpu/6.0.5-1620033.22.04/build/amd/amdkcl/kcl_drm_atomic_helper.o
  CC [M]  /var/lib/dkms/amdgpu/6.0.5-1620033.22.04/build/amd/amdkcl/kcl_device_cgroup.o
  CC [M]  /var/lib/dkms/amdgpu/6.0.5-1620033.22.04/build/amd/amdkcl/kcl_mn.o
  LD [M]  /var/lib/dkms/amdgpu/6.0.5-1620033.22.04/build/ttm/amdttm.o
  CC [M]  /var/lib/dkms/amdgpu/6.0.5-1620033.22.04/build/amd/amdgpu/atom.o
  CC [M]  /var/lib/dkms/amdgpu/6.0.5-1620033.22.04/build/amd/amdkcl/kcl_drm_modes.o
  CC [M]  /var/lib/dkms/amdgpu/6.0.5-1620033.22.04/build/amd/amdkcl/kcl_time.o
  CC [M]  /var/lib/dkms/amdgpu/6.0.5-1620033.22.04/build/amd/amdkcl/kcl_ftrace.o
  CC [M]  /var/lib/dkms/amdgpu/6.0.5-1620033.22.04/build/amd/amdkcl/kcl_acpi_table.o
  CC [M]  /var/lib/dkms/amdgpu/6.0.5-1620033.22.04/build/amd/amdgpu/amdgpu_fence.o
  CC [M]  /var/lib/dkms/amdgpu/6.0.5-1620033.22.04/build/amd/amdkcl/kcl_page_alloc.o
  CC [M]  /var/lib/dkms/amdgpu/6.0.5-1620033.22.04/build/amd/amdkcl/kcl_numa.o
  CC [M]  /var/lib/dkms/amdgpu/6.0.5-1620033.22.04/build/amd/amdkcl/kcl_fs_read_write.o
  CC [M]  /var/lib/dkms/amdgpu/6.0.5-1620033.22.04/build/amd/amdkcl/kcl_drm_aperture.o
  CC [M]  /var/lib/dkms/amdgpu/6.0.5-1620033.22.04/build/amd/amdgpu/amdgpu_ttm.o
  CC [M]  /var/lib/dkms/amdgpu/6.0.5-1620033.22.04/build/amd/amdgpu/amdgpu_object.o
  CC [M]  /var/lib/dkms/amdgpu/6.0.5-1620033.22.04/build/amd/amdkcl/kcl_drm_drv.o
  CC [M]  /var/lib/dkms/amdgpu/6.0.5-1620033.22.04/build/amd/amdkcl/kcl_drm_simple_kms_helper.o
  CC [M]  /var/lib/dkms/amdgpu/6.0.5-1620033.22.04/build/amd/amdkcl/kcl_bitmap.o
  CC [M]  /var/lib/dkms/amdgpu/6.0.5-1620033.22.04/build/amd/amdkcl/kcl_vmscan.o
  CC [M]  /var/lib/dkms/amdgpu/6.0.5-1620033.22.04/build/amd/amdgpu/amdgpu_gart.o
  CC [M]  /var/lib/dkms/amdgpu/6.0.5-1620033.22.04/build/amd/amdkcl/kcl_dma_fence_chain.o
  CC [M]  /var/lib/dkms/amdgpu/6.0.5-1620033.22.04/build/amd/amdgpu/amdgpu_encoders.o
  CC [M]  /var/lib/dkms/amdgpu/6.0.5-1620033.22.04/build/amd/amdgpu/amdgpu_display.o
  CC [M]  /var/lib/dkms/amdgpu/6.0.5-1620033.22.04/build/amd/amdgpu/amdgpu_i2c.o
  CC [M]  /var/lib/dkms/amdgpu/6.0.5-1620033.22.04/build/amd/amdgpu/amdgpu_fb.o
  CC [M]  /var/lib/dkms/amdgpu/6.0.5-1620033.22.04/build/amd/amdgpu/amdgpu_gem.o
  CC [M]  /var/lib/dkms/amdgpu/6.0.5-1620033.22.04/build/amd/amdgpu/amdgpu_ring.o
  CC [M]  /var/lib/dkms/amdgpu/6.0.5-1620033.22.04/build/amd/amdgpu/amdgpu_cs.o
  CC [M]  /var/lib/dkms/amdgpu/6.0.5-1620033.22.04/build/amd/amdgpu/amdgpu_bios.o
  CC [M]  /var/lib/dkms/amdgpu/6.0.5-1620033.22.04/build/amd/amdkcl/kcl_mce_amd.o
  CC [M]  /var/lib/dkms/amdgpu/6.0.5-1620033.22.04/build/amd/amdkcl/kcl_workqueue.o
  CC [M]  /var/lib/dkms/amdgpu/6.0.5-1620033.22.04/build/amd/amdkcl/kcl_cpumask.o
  CC [M]  /var/lib/dkms/amdgpu/6.0.5-1620033.22.04/build/amd/amdkcl/kcl_drm_dsc_helper.o
  CC [M]  /var/lib/dkms/amdgpu/6.0.5-1620033.22.04/build/amd/amdgpu/amdgpu_benchmark.o
  CC [M]  /var/lib/dkms/amdgpu/6.0.5-1620033.22.04/build/amd/amdgpu/atombios_dp.o
  CC [M]  /var/lib/dkms/amdgpu/6.0.5-1620033.22.04/build/amd/amdkcl/kcl_drm_hdcp.o
  CC [M]  /var/lib/dkms/amdgpu/6.0.5-1620033.22.04/build/amd/amdkcl/kcl_debugfs_inode.o
  CC [M]  /var/lib/dkms/amdgpu/6.0.5-1620033.22.04/build/amd/amdgpu/amdgpu_afmt.o
  CC [M]  /var/lib/dkms/amdgpu/6.0.5-1620033.22.04/build/amd/amdgpu/amdgpu_trace_points.o
  CC [M]  /var/lib/dkms/amdgpu/6.0.5-1620033.22.04/build/amd/amdkcl/kcl_sysfs_emit.o
  CC [M]  /var/lib/dkms/amdgpu/6.0.5-1620033.22.04/build/amd/amdgpu/atombios_encoders.o
  CC [M]  /var/lib/dkms/amdgpu/6.0.5-1620033.22.04/build/amd/amdgpu/amdgpu_sa.o
  CC [M]  /var/lib/dkms/amdgpu/6.0.5-1620033.22.04/build/amd/amdgpu/atombios_i2c.o
  CC [M]  /var/lib/dkms/amdgpu/6.0.5-1620033.22.04/build/amd/amdgpu/amdgpu_dma_buf.o
  CC [M]  /var/lib/dkms/amdgpu/6.0.5-1620033.22.04/build/amd/amdgpu/amdgpu_vm.o
  CC [M]  /var/lib/dkms/amdgpu/6.0.5-1620033.22.04/build/amd/amdgpu/amdgpu_vm_pt.o
  CC [M]  /var/lib/dkms/amdgpu/6.0.5-1620033.22.04/build/amd/amdgpu/amdgpu_ib.o
  CC [M]  /var/lib/dkms/amdgpu/6.0.5-1620033.22.04/build/amd/amdgpu/amdgpu_pll.o
  CC [M]  /var/lib/dkms/amdgpu/6.0.5-1620033.22.04/build/amd/amdgpu/amdgpu_ucode.o
  CC [M]  /var/lib/dkms/amdgpu/6.0.5-1620033.22.04/build/amd/amdgpu/amdgpu_bo_list.o
  CC [M]  /var/lib/dkms/amdgpu/6.0.5-1620033.22.04/build/amd/amdgpu/amdgpu_ctx.o
  CC [M]  /var/lib/dkms/amdgpu/6.0.5-1620033.22.04/build/amd/amdgpu/amdgpu_sync.o
  LD [M]  /var/lib/dkms/amdgpu/6.0.5-1620033.22.04/build/amd/amdkcl/amdkcl.o
  CC [M]  /var/lib/dkms/amdgpu/6.0.5-1620033.22.04/build/amd/amdgpu/amdgpu_gtt_mgr.o
  CC [M]  /var/lib/dkms/amdgpu/6.0.5-1620033.22.04/build/amd/amdgpu/amdgpu_preempt_mgr.o
  CC [M]  /var/lib/dkms/amdgpu/6.0.5-1620033.22.04/build/amd/amdgpu/amdgpu_vram_mgr.o
  CC [M]  /var/lib/dkms/amdgpu/6.0.5-1620033.22.04/build/amd/amdgpu/amdgpu_virt.o
  CC [M]  /var/lib/dkms/amdgpu/6.0.5-1620033.22.04/build/amd/amdgpu/amdgpu_atomfirmware.o
  CC [M]  /var/lib/dkms/amdgpu/6.0.5-1620033.22.04/build/amd/amdgpu/amdgpu_vf_error.o
  CC [M]  /var/lib/dkms/amdgpu/6.0.5-1620033.22.04/build/amd/amdgpu/amdgpu_sched.o
  CC [M]  /var/lib/dkms/amdgpu/6.0.5-1620033.22.04/build/amd/amdgpu/amdgpu_debugfs.o
  CC [M]  /var/lib/dkms/amdgpu/6.0.5-1620033.22.04/build/amd/amdgpu/amdgpu_ids.o
  CC [M]  /var/lib/dkms/amdgpu/6.0.5-1620033.22.04/build/amd/amdgpu/amdgpu_gmc.o
  CC [M]  /var/lib/dkms/amdgpu/6.0.5-1620033.22.04/build/amd/amdgpu/amdgpu_xgmi.o
  CC [M]  /var/lib/dkms/amdgpu/6.0.5-1620033.22.04/build/amd/amdgpu/amdgpu_csa.o
  CC [M]  /var/lib/dkms/amdgpu/6.0.5-1620033.22.04/build/amd/amdgpu/amdgpu_ras.o
  CC [M]  /var/lib/dkms/amdgpu/6.0.5-1620033.22.04/build/amd/amdgpu/amdgpu_vm_cpu.o
  CC [M]  /var/lib/dkms/amdgpu/6.0.5-1620033.22.04/build/amd/amdgpu/amdgpu_sem.o
  CC [M]  /var/lib/dkms/amdgpu/6.0.5-1620033.22.04/build/amd/amdgpu/amdgpu_vm_sdma.o
  CC [M]  /var/lib/dkms/amdgpu/6.0.5-1620033.22.04/build/amd/amdgpu/amdgpu_discovery.o
  CC [M]  /var/lib/dkms/amdgpu/6.0.5-1620033.22.04/build/amd/amdgpu/amdgpu_ras_eeprom.o
  CC [M]  /var/lib/dkms/amdgpu/6.0.5-1620033.22.04/build/amd/amdgpu/amdgpu_nbio.o
  CC [M]  /var/lib/dkms/amdgpu/6.0.5-1620033.22.04/build/amd/amdgpu/amdgpu_umc.o
  CC [M]  /var/lib/dkms/amdgpu/6.0.5-1620033.22.04/build/amd/amdgpu/smu_v11_0_i2c.o
  CC [M]  /var/lib/dkms/amdgpu/6.0.5-1620033.22.04/build/amd/amdgpu/amdgpu_fru_eeprom.o
  CC [M]  /var/lib/dkms/amdgpu/6.0.5-1620033.22.04/build/amd/amdgpu/amdgpu_rap.o
  CC [M]  /var/lib/dkms/amdgpu/6.0.5-1620033.22.04/build/amd/amdgpu/amdgpu_fw_attestation.o
  CC [M]  /var/lib/dkms/amdgpu/6.0.5-1620033.22.04/build/amd/amdgpu/amdgpu_securedisplay.o
  CC [M]  /var/lib/dkms/amdgpu/6.0.5-1620033.22.04/build/amd/amdgpu/amdgpu_eeprom.o
  CC [M]  /var/lib/dkms/amdgpu/6.0.5-1620033.22.04/build/amd/amdgpu/amdgpu_mca.o
  CC [M]  /var/lib/dkms/amdgpu/6.0.5-1620033.22.04/build/amd/amdgpu/amdgpu_psp_ta.o
  CC [M]  /var/lib/dkms/amdgpu/6.0.5-1620033.22.04/build/amd/amdgpu/amdgpu_lsdma.o
  CC [M]  /var/lib/dkms/amdgpu/6.0.5-1620033.22.04/build/amd/amdgpu/amdgpu_ring_mux.o
  CC [M]  /var/lib/dkms/amdgpu/6.0.5-1620033.22.04/build/amd/amdgpu/amdgpu_fdinfo.o
  CC [M]  /var/lib/dkms/amdgpu/6.0.5-1620033.22.04/build/amd/amdgpu/amdgpu_pmu.o
  CC [M]  /var/lib/dkms/amdgpu/6.0.5-1620033.22.04/build/amd/amdgpu/cik.o
  CC [M]  /var/lib/dkms/amdgpu/6.0.5-1620033.22.04/build/amd/amdgpu/cik_ih.o
  CC [M]  /var/lib/dkms/amdgpu/6.0.5-1620033.22.04/build/amd/amdgpu/dce_v8_0.o
  CC [M]  /var/lib/dkms/amdgpu/6.0.5-1620033.22.04/build/amd/amdgpu/gfx_v7_0.o
  CC [M]  /var/lib/dkms/amdgpu/6.0.5-1620033.22.04/build/amd/amdgpu/cik_sdma.o
  CC [M]  /var/lib/dkms/amdgpu/6.0.5-1620033.22.04/build/amd/amdgpu/uvd_v4_2.o
  CC [M]  /var/lib/dkms/amdgpu/6.0.5-1620033.22.04/build/amd/amdgpu/vce_v2_0.o
  CC [M]  /var/lib/dkms/amdgpu/6.0.5-1620033.22.04/build/amd/amdgpu/si.o
  CC [M]  /var/lib/dkms/amdgpu/6.0.5-1620033.22.04/build/amd/amdgpu/gmc_v6_0.o
  CC [M]  /var/lib/dkms/amdgpu/6.0.5-1620033.22.04/build/amd/amdgpu/gfx_v6_0.o
  CC [M]  /var/lib/dkms/amdgpu/6.0.5-1620033.22.04/build/amd/amdgpu/si_ih.o
  CC [M]  /var/lib/dkms/amdgpu/6.0.5-1620033.22.04/build/amd/amdgpu/si_dma.o
  CC [M]  /var/lib/dkms/amdgpu/6.0.5-1620033.22.04/build/amd/amdgpu/dce_v6_0.o
  CC [M]  /var/lib/dkms/amdgpu/6.0.5-1620033.22.04/build/amd/amdgpu/uvd_v3_1.o
  CC [M]  /var/lib/dkms/amdgpu/6.0.5-1620033.22.04/build/amd/amdgpu/vi.o
  CC [M]  /var/lib/dkms/amdgpu/6.0.5-1620033.22.04/build/amd/amdgpu/mxgpu_vi.o
  CC [M]  /var/lib/dkms/amdgpu/6.0.5-1620033.22.04/build/amd/amdgpu/nbio_v6_1.o
  CC [M]  /var/lib/dkms/amdgpu/6.0.5-1620033.22.04/build/amd/amdgpu/soc15.o
  CC [M]  /var/lib/dkms/amdgpu/6.0.5-1620033.22.04/build/amd/amdgpu/emu_soc.o
  CC [M]  /var/lib/dkms/amdgpu/6.0.5-1620033.22.04/build/amd/amdgpu/mxgpu_ai.o
  CC [M]  /var/lib/dkms/amdgpu/6.0.5-1620033.22.04/build/amd/amdgpu/nbio_v7_0.o
  CC [M]  /var/lib/dkms/amdgpu/6.0.5-1620033.22.04/build/amd/amdgpu/vega10_reg_init.o
  CC [M]  /var/lib/dkms/amdgpu/6.0.5-1620033.22.04/build/amd/amdgpu/vega20_reg_init.o
  CC [M]  /var/lib/dkms/amdgpu/6.0.5-1620033.22.04/build/amd/amdgpu/nbio_v7_4.o
  CC [M]  /var/lib/dkms/amdgpu/6.0.5-1620033.22.04/build/amd/amdgpu/nbio_v2_3.o
  CC [M]  /var/lib/dkms/amdgpu/6.0.5-1620033.22.04/build/amd/amdgpu/nv.o
  CC [M]  /var/lib/dkms/amdgpu/6.0.5-1620033.22.04/build/amd/amdgpu/arct_reg_init.o
  CC [M]  /var/lib/dkms/amdgpu/6.0.5-1620033.22.04/build/amd/amdgpu/mxgpu_nv.o
  CC [M]  /var/lib/dkms/amdgpu/6.0.5-1620033.22.04/build/amd/amdgpu/nbio_v7_2.o
  CC [M]  /var/lib/dkms/amdgpu/6.0.5-1620033.22.04/build/amd/amdgpu/hdp_v4_0.o
  CC [M]  /var/lib/dkms/amdgpu/6.0.5-1620033.22.04/build/amd/amdgpu/hdp_v5_0.o
  CC [M]  /var/lib/dkms/amdgpu/6.0.5-1620033.22.04/build/amd/amdgpu/aldebaran_reg_init.o
  CC [M]  /var/lib/dkms/amdgpu/6.0.5-1620033.22.04/build/amd/amdgpu/aldebaran.o
  CC [M]  /var/lib/dkms/amdgpu/6.0.5-1620033.22.04/build/amd/amdgpu/soc21.o
  CC [M]  /var/lib/dkms/amdgpu/6.0.5-1620033.22.04/build/amd/amdgpu/sienna_cichlid.o
  CC [M]  /var/lib/dkms/amdgpu/6.0.5-1620033.22.04/build/amd/amdgpu/smu_v13_0_10.o
  CC [M]  /var/lib/dkms/amdgpu/6.0.5-1620033.22.04/build/amd/amdgpu/nbio_v4_3.o
  CC [M]  /var/lib/dkms/amdgpu/6.0.5-1620033.22.04/build/amd/amdgpu/hdp_v6_0.o
  CC [M]  /var/lib/dkms/amdgpu/6.0.5-1620033.22.04/build/amd/amdgpu/nbio_v7_7.o
  CC [M]  /var/lib/dkms/amdgpu/6.0.5-1620033.22.04/build/amd/amdgpu/hdp_v5_2.o
  CC [M]  /var/lib/dkms/amdgpu/6.0.5-1620033.22.04/build/amd/amdgpu/lsdma_v6_0.o
  CC [M]  /var/lib/dkms/amdgpu/6.0.5-1620033.22.04/build/amd/amdgpu/df_v1_7.o
  CC [M]  /var/lib/dkms/amdgpu/6.0.5-1620033.22.04/build/amd/amdgpu/df_v3_6.o
  CC [M]  /var/lib/dkms/amdgpu/6.0.5-1620033.22.04/build/amd/amdgpu/df_v4_3.o
  CC [M]  /var/lib/dkms/amdgpu/6.0.5-1620033.22.04/build/amd/amdgpu/gmc_v7_0.o
  CC [M]  /var/lib/dkms/amdgpu/6.0.5-1620033.22.04/build/amd/amdgpu/gmc_v8_0.o
  CC [M]  /var/lib/dkms/amdgpu/6.0.5-1620033.22.04/build/amd/amdgpu/gfxhub_v1_0.o
  CC [M]  /var/lib/dkms/amdgpu/6.0.5-1620033.22.04/build/amd/amdgpu/mmhub_v1_0.o
  CC [M]  /var/lib/dkms/amdgpu/6.0.5-1620033.22.04/build/amd/amdgpu/gmc_v9_0.o
  CC [M]  /var/lib/dkms/amdgpu/6.0.5-1620033.22.04/build/amd/amdgpu/gfxhub_v1_1.o
  CC [M]  /var/lib/dkms/amdgpu/6.0.5-1620033.22.04/build/amd/amdgpu/mmhub_v9_4.o
  CC [M]  /var/lib/dkms/amdgpu/6.0.5-1620033.22.04/build/amd/amdgpu/gfxhub_v2_0.o
  CC [M]  /var/lib/dkms/amdgpu/6.0.5-1620033.22.04/build/amd/amdgpu/mmhub_v2_0.o
  CC [M]  /var/lib/dkms/amdgpu/6.0.5-1620033.22.04/build/amd/amdgpu/gmc_v10_0.o
  CC [M]  /var/lib/dkms/amdgpu/6.0.5-1620033.22.04/build/amd/amdgpu/gfxhub_v2_1.o
  CC [M]  /var/lib/dkms/amdgpu/6.0.5-1620033.22.04/build/amd/amdgpu/mmhub_v2_3.o
  CC [M]  /var/lib/dkms/amdgpu/6.0.5-1620033.22.04/build/amd/amdgpu/mmhub_v1_7.o
  CC [M]  /var/lib/dkms/amdgpu/6.0.5-1620033.22.04/build/amd/amdgpu/gfxhub_v3_0.o
  CC [M]  /var/lib/dkms/amdgpu/6.0.5-1620033.22.04/build/amd/amdgpu/mmhub_v3_0.o
  CC [M]  /var/lib/dkms/amdgpu/6.0.5-1620033.22.04/build/amd/amdgpu/mmhub_v3_0_2.o
  CC [M]  /var/lib/dkms/amdgpu/6.0.5-1620033.22.04/build/amd/amdgpu/gmc_v11_0.o
  CC [M]  /var/lib/dkms/amdgpu/6.0.5-1620033.22.04/build/amd/amdgpu/mmhub_v3_0_1.o
  CC [M]  /var/lib/dkms/amdgpu/6.0.5-1620033.22.04/build/amd/amdgpu/gfxhub_v3_0_3.o
  CC [M]  /var/lib/dkms/amdgpu/6.0.5-1620033.22.04/build/amd/amdgpu/umc_v6_0.o
  CC [M]  /var/lib/dkms/amdgpu/6.0.5-1620033.22.04/build/amd/amdgpu/umc_v6_1.o
  CC [M]  /var/lib/dkms/amdgpu/6.0.5-1620033.22.04/build/amd/amdgpu/umc_v6_7.o
  CC [M]  /var/lib/dkms/amdgpu/6.0.5-1620033.22.04/build/amd/amdgpu/umc_v8_7.o
  CC [M]  /var/lib/dkms/amdgpu/6.0.5-1620033.22.04/build/amd/amdgpu/umc_v8_10.o
  CC [M]  /var/lib/dkms/amdgpu/6.0.5-1620033.22.04/build/amd/amdgpu/amdgpu_irq.o
  CC [M]  /var/lib/dkms/amdgpu/6.0.5-1620033.22.04/build/amd/amdgpu/amdgpu_ih.o
  CC [M]  /var/lib/dkms/amdgpu/6.0.5-1620033.22.04/build/amd/amdgpu/iceland_ih.o
  CC [M]  /var/lib/dkms/amdgpu/6.0.5-1620033.22.04/build/amd/amdgpu/tonga_ih.o
  CC [M]  /var/lib/dkms/amdgpu/6.0.5-1620033.22.04/build/amd/amdgpu/cz_ih.o
  CC [M]  /var/lib/dkms/amdgpu/6.0.5-1620033.22.04/build/amd/amdgpu/vega10_ih.o
  CC [M]  /var/lib/dkms/amdgpu/6.0.5-1620033.22.04/build/amd/amdgpu/vega20_ih.o
  CC [M]  /var/lib/dkms/amdgpu/6.0.5-1620033.22.04/build/amd/amdgpu/navi10_ih.o
  CC [M]  /var/lib/dkms/amdgpu/6.0.5-1620033.22.04/build/amd/amdgpu/ih_v6_0.o
  CC [M]  /var/lib/dkms/amdgpu/6.0.5-1620033.22.04/build/amd/amdgpu/amdgpu_psp.o
  CC [M]  /var/lib/dkms/amdgpu/6.0.5-1620033.22.04/build/amd/amdgpu/psp_v3_1.o
  CC [M]  /var/lib/dkms/amdgpu/6.0.5-1620033.22.04/build/amd/amdgpu/psp_v10_0.o
  CC [M]  /var/lib/dkms/amdgpu/6.0.5-1620033.22.04/build/amd/amdgpu/psp_v11_0.o
  CC [M]  /var/lib/dkms/amdgpu/6.0.5-1620033.22.04/build/amd/amdgpu/psp_v11_0_8.o
  CC [M]  /var/lib/dkms/amdgpu/6.0.5-1620033.22.04/build/amd/amdgpu/psp_v12_0.o
  CC [M]  /var/lib/dkms/amdgpu/6.0.5-1620033.22.04/build/amd/amdgpu/psp_v13_0.o
  CC [M]  /var/lib/dkms/amdgpu/6.0.5-1620033.22.04/build/amd/amdgpu/psp_v13_0_4.o
  CC [M]  /var/lib/dkms/amdgpu/6.0.5-1620033.22.04/build/amd/amdgpu/dce_v10_0.o
  CC [M]  /var/lib/dkms/amdgpu/6.0.5-1620033.22.04/build/amd/amdgpu/dce_v11_0.o
  CC [M]  /var/lib/dkms/amdgpu/6.0.5-1620033.22.04/build/amd/amdgpu/amdgpu_vkms.o
  CC [M]  /var/lib/dkms/amdgpu/6.0.5-1620033.22.04/build/amd/amdgpu/amdgpu_gfx.o
  CC [M]  /var/lib/dkms/amdgpu/6.0.5-1620033.22.04/build/amd/amdgpu/amdgpu_rlc.o
  CC [M]  /var/lib/dkms/amdgpu/6.0.5-1620033.22.04/build/amd/amdgpu/gfx_v8_0.o
  CC [M]  /var/lib/dkms/amdgpu/6.0.5-1620033.22.04/build/amd/amdgpu/gfx_v9_0.o
  CC [M]  /var/lib/dkms/amdgpu/6.0.5-1620033.22.04/build/amd/amdgpu/gfx_v9_4.o
  CC [M]  /var/lib/dkms/amdgpu/6.0.5-1620033.22.04/build/amd/amdgpu/gfx_v9_4_2.o
  CC [M]  /var/lib/dkms/amdgpu/6.0.5-1620033.22.04/build/amd/amdgpu/gfx_v10_0.o
  CC [M]  /var/lib/dkms/amdgpu/6.0.5-1620033.22.04/build/amd/amdgpu/imu_v11_0.o
  CC [M]  /var/lib/dkms/amdgpu/6.0.5-1620033.22.04/build/amd/amdgpu/gfx_v11_0.o
  CC [M]  /var/lib/dkms/amdgpu/6.0.5-1620033.22.04/build/amd/amdgpu/gfx_v11_0_3.o
  CC [M]  /var/lib/dkms/amdgpu/6.0.5-1620033.22.04/build/amd/amdgpu/imu_v11_0_3.o
  CC [M]  /var/lib/dkms/amdgpu/6.0.5-1620033.22.04/build/amd/amdgpu/amdgpu_sdma.o
  CC [M]  /var/lib/dkms/amdgpu/6.0.5-1620033.22.04/build/amd/amdgpu/sdma_v2_4.o
  CC [M]  /var/lib/dkms/amdgpu/6.0.5-1620033.22.04/build/amd/amdgpu/sdma_v3_0.o
  CC [M]  /var/lib/dkms/amdgpu/6.0.5-1620033.22.04/build/amd/amdgpu/sdma_v4_0.o
  CC [M]  /var/lib/dkms/amdgpu/6.0.5-1620033.22.04/build/amd/amdgpu/sdma_v4_4.o
  CC [M]  /var/lib/dkms/amdgpu/6.0.5-1620033.22.04/build/amd/amdgpu/sdma_v5_0.o
  CC [M]  /var/lib/dkms/amdgpu/6.0.5-1620033.22.04/build/amd/amdgpu/sdma_v5_2.o
  CC [M]  /var/lib/dkms/amdgpu/6.0.5-1620033.22.04/build/amd/amdgpu/sdma_v6_0.o
  CC [M]  /var/lib/dkms/amdgpu/6.0.5-1620033.22.04/build/amd/amdgpu/amdgpu_mes.o
  CC [M]  /var/lib/dkms/amdgpu/6.0.5-1620033.22.04/build/amd/amdgpu/mes_v10_1.o
  CC [M]  /var/lib/dkms/amdgpu/6.0.5-1620033.22.04/build/amd/amdgpu/mes_v11_0.o
  CC [M]  /var/lib/dkms/amdgpu/6.0.5-1620033.22.04/build/amd/amdgpu/amdgpu_uvd.o
  CC [M]  /var/lib/dkms/amdgpu/6.0.5-1620033.22.04/build/amd/amdgpu/uvd_v5_0.o
  CC [M]  /var/lib/dkms/amdgpu/6.0.5-1620033.22.04/build/amd/amdgpu/uvd_v6_0.o
  CC [M]  /var/lib/dkms/amdgpu/6.0.5-1620033.22.04/build/amd/amdgpu/uvd_v7_0.o
  CC [M]  /var/lib/dkms/amdgpu/6.0.5-1620033.22.04/build/amd/amdgpu/amdgpu_vce.o
  CC [M]  /var/lib/dkms/amdgpu/6.0.5-1620033.22.04/build/amd/amdgpu/vce_v3_0.o
  CC [M]  /var/lib/dkms/amdgpu/6.0.5-1620033.22.04/build/amd/amdgpu/vce_v4_0.o
  CC [M]  /var/lib/dkms/amdgpu/6.0.5-1620033.22.04/build/amd/amdgpu/amdgpu_vcn.o
  CC [M]  /var/lib/dkms/amdgpu/6.0.5-1620033.22.04/build/amd/amdgpu/vcn_sw_ring.o
  CC [M]  /var/lib/dkms/amdgpu/6.0.5-1620033.22.04/build/amd/amdgpu/vcn_v1_0.o
  CC [M]  /var/lib/dkms/amdgpu/6.0.5-1620033.22.04/build/amd/amdgpu/vcn_v2_0.o
  CC [M]  /var/lib/dkms/amdgpu/6.0.5-1620033.22.04/build/amd/amdgpu/vcn_v2_5.o
  CC [M]  /var/lib/dkms/amdgpu/6.0.5-1620033.22.04/build/amd/amdgpu/vcn_v3_0.o
  CC [M]  /var/lib/dkms/amdgpu/6.0.5-1620033.22.04/build/amd/amdgpu/vcn_v4_0.o
  CC [M]  /var/lib/dkms/amdgpu/6.0.5-1620033.22.04/build/amd/amdgpu/amdgpu_jpeg.o
  CC [M]  /var/lib/dkms/amdgpu/6.0.5-1620033.22.04/build/amd/amdgpu/jpeg_v1_0.o
  CC [M]  /var/lib/dkms/amdgpu/6.0.5-1620033.22.04/build/amd/amdgpu/jpeg_v2_0.o
  CC [M]  /var/lib/dkms/amdgpu/6.0.5-1620033.22.04/build/amd/amdgpu/jpeg_v2_5.o
  CC [M]  /var/lib/dkms/amdgpu/6.0.5-1620033.22.04/build/amd/amdgpu/jpeg_v3_0.o
  CC [M]  /var/lib/dkms/amdgpu/6.0.5-1620033.22.04/build/amd/amdgpu/jpeg_v4_0.o
  CC [M]  /var/lib/dkms/amdgpu/6.0.5-1620033.22.04/build/amd/amdgpu/athub_v1_0.o
  CC [M]  /var/lib/dkms/amdgpu/6.0.5-1620033.22.04/build/amd/amdgpu/athub_v2_0.o
  CC [M]  /var/lib/dkms/amdgpu/6.0.5-1620033.22.04/build/amd/amdgpu/athub_v2_1.o
  CC [M]  /var/lib/dkms/amdgpu/6.0.5-1620033.22.04/build/amd/amdgpu/athub_v3_0.o
  CC [M]  /var/lib/dkms/amdgpu/6.0.5-1620033.22.04/build/amd/amdgpu/smuio_v9_0.o
  CC [M]  /var/lib/dkms/amdgpu/6.0.5-1620033.22.04/build/amd/amdgpu/smuio_v11_0.o
  CC [M]  /var/lib/dkms/amdgpu/6.0.5-1620033.22.04/build/amd/amdgpu/smuio_v11_0_6.o
  CC [M]  /var/lib/dkms/amdgpu/6.0.5-1620033.22.04/build/amd/amdgpu/smuio_v13_0.o
  CC [M]  /var/lib/dkms/amdgpu/6.0.5-1620033.22.04/build/amd/amdgpu/smuio_v13_0_6.o
  CC [M]  /var/lib/dkms/amdgpu/6.0.5-1620033.22.04/build/amd/amdgpu/amdgpu_reset.o
  CC [M]  /var/lib/dkms/amdgpu/6.0.5-1620033.22.04/build/amd/amdgpu/mca_v3_0.o
  CC [M]  /var/lib/dkms/amdgpu/6.0.5-1620033.22.04/build/amd/amdgpu/amdgpu_amdkfd.o
  CC [M]  /var/lib/dkms/amdgpu/6.0.5-1620033.22.04/build/amd/amdgpu/../amdkfd/kfd_module.o
  CC [M]  /var/lib/dkms/amdgpu/6.0.5-1620033.22.04/build/amd/amdgpu/../amdkfd/kfd_device.o
  CC [M]  /var/lib/dkms/amdgpu/6.0.5-1620033.22.04/build/amd/amdgpu/../amdkfd/kfd_chardev.o
  CC [M]  /var/lib/dkms/amdgpu/6.0.5-1620033.22.04/build/amd/amdgpu/../amdkfd/kfd_topology.o
  CC [M]  /var/lib/dkms/amdgpu/6.0.5-1620033.22.04/build/amd/amdgpu/../amdkfd/kfd_pasid.o
  CC [M]  /var/lib/dkms/amdgpu/6.0.5-1620033.22.04/build/amd/amdgpu/../amdkfd/kfd_doorbell.o
  CC [M]  /var/lib/dkms/amdgpu/6.0.5-1620033.22.04/build/amd/amdgpu/../amdkfd/kfd_flat_memory.o
  CC [M]  /var/lib/dkms/amdgpu/6.0.5-1620033.22.04/build/amd/amdgpu/../amdkfd/kfd_process.o
  CC [M]  /var/lib/dkms/amdgpu/6.0.5-1620033.22.04/build/amd/amdgpu/../amdkfd/kfd_queue.o
  CC [M]  /var/lib/dkms/amdgpu/6.0.5-1620033.22.04/build/amd/amdgpu/../amdkfd/kfd_mqd_manager.o
  CC [M]  /var/lib/dkms/amdgpu/6.0.5-1620033.22.04/build/amd/amdgpu/../amdkfd/kfd_mqd_manager_cik.o
  CC [M]  /var/lib/dkms/amdgpu/6.0.5-1620033.22.04/build/amd/amdgpu/../amdkfd/kfd_mqd_manager_vi.o
  CC [M]  /var/lib/dkms/amdgpu/6.0.5-1620033.22.04/build/amd/amdgpu/../amdkfd/kfd_mqd_manager_v9.o
  CC [M]  /var/lib/dkms/amdgpu/6.0.5-1620033.22.04/build/amd/amdgpu/../amdkfd/kfd_mqd_manager_v10.o
  CC [M]  /var/lib/dkms/amdgpu/6.0.5-1620033.22.04/build/amd/amdgpu/../amdkfd/kfd_mqd_manager_v11.o
  CC [M]  /var/lib/dkms/amdgpu/6.0.5-1620033.22.04/build/amd/amdgpu/../amdkfd/kfd_kernel_queue.o
  CC [M]  /var/lib/dkms/amdgpu/6.0.5-1620033.22.04/build/amd/amdgpu/../amdkfd/kfd_packet_manager.o
  CC [M]  /var/lib/dkms/amdgpu/6.0.5-1620033.22.04/build/amd/amdgpu/../amdkfd/kfd_packet_manager_vi.o
  CC [M]  /var/lib/dkms/amdgpu/6.0.5-1620033.22.04/build/amd/amdgpu/../amdkfd/kfd_packet_manager_v9.o
  CC [M]  /var/lib/dkms/amdgpu/6.0.5-1620033.22.04/build/amd/amdgpu/../amdkfd/kfd_process_queue_manager.o
  CC [M]  /var/lib/dkms/amdgpu/6.0.5-1620033.22.04/build/amd/amdgpu/../amdkfd/kfd_device_queue_manager.o
  CC [M]  /var/lib/dkms/amdgpu/6.0.5-1620033.22.04/build/amd/amdgpu/../amdkfd/kfd_device_queue_manager_cik.o
  CC [M]  /var/lib/dkms/amdgpu/6.0.5-1620033.22.04/build/amd/amdgpu/../amdkfd/kfd_device_queue_manager_vi.o
  CC [M]  /var/lib/dkms/amdgpu/6.0.5-1620033.22.04/build/amd/amdgpu/../amdkfd/kfd_device_queue_manager_v9.o
  CC [M]  /var/lib/dkms/amdgpu/6.0.5-1620033.22.04/build/amd/amdgpu/../amdkfd/kfd_device_queue_manager_v10.o
  CC [M]  /var/lib/dkms/amdgpu/6.0.5-1620033.22.04/build/amd/amdgpu/../amdkfd/kfd_device_queue_manager_v11.o
  CC [M]  /var/lib/dkms/amdgpu/6.0.5-1620033.22.04/build/amd/amdgpu/../amdkfd/kfd_interrupt.o
  CC [M]  /var/lib/dkms/amdgpu/6.0.5-1620033.22.04/build/amd/amdgpu/../amdkfd/kfd_events.o
  CC [M]  /var/lib/dkms/amdgpu/6.0.5-1620033.22.04/build/amd/amdgpu/../amdkfd/cik_event_interrupt.o
  CC [M]  /var/lib/dkms/amdgpu/6.0.5-1620033.22.04/build/amd/amdgpu/../amdkfd/kfd_int_process_v9.o
  CC [M]  /var/lib/dkms/amdgpu/6.0.5-1620033.22.04/build/amd/amdgpu/../amdkfd/kfd_int_process_v10.o
  CC [M]  /var/lib/dkms/amdgpu/6.0.5-1620033.22.04/build/amd/amdgpu/../amdkfd/kfd_int_process_v11.o
  CC [M]  /var/lib/dkms/amdgpu/6.0.5-1620033.22.04/build/amd/amdgpu/../amdkfd/kfd_smi_events.o
  CC [M]  /var/lib/dkms/amdgpu/6.0.5-1620033.22.04/build/amd/amdgpu/../amdkfd/kfd_crat.o
  CC [M]  /var/lib/dkms/amdgpu/6.0.5-1620033.22.04/build/amd/amdgpu/../amdkfd/kfd_peerdirect.o
  CC [M]  /var/lib/dkms/amdgpu/6.0.5-1620033.22.04/build/amd/amdgpu/../amdkfd/kfd_ipc.o
  CC [M]  /var/lib/dkms/amdgpu/6.0.5-1620033.22.04/build/amd/amdgpu/../amdkfd/kfd_trace.o
  CC [M]  /var/lib/dkms/amdgpu/6.0.5-1620033.22.04/build/amd/amdgpu/../amdkfd/kfd_debug.o
  CC [M]  /var/lib/dkms/amdgpu/6.0.5-1620033.22.04/build/amd/amdgpu/../amdkfd/kfd_spm.o
  CC [M]  /var/lib/dkms/amdgpu/6.0.5-1620033.22.04/build/amd/amdgpu/../amdkfd/kfd_debugfs.o
  CC [M]  /var/lib/dkms/amdgpu/6.0.5-1620033.22.04/build/amd/amdgpu/../amdkfd/kfd_iommu.o
  CC [M]  /var/lib/dkms/amdgpu/6.0.5-1620033.22.04/build/amd/amdgpu/../amdkfd/kfd_svm.o
  CC [M]  /var/lib/dkms/amdgpu/6.0.5-1620033.22.04/build/amd/amdgpu/../amdkfd/kfd_migrate.o
  CC [M]  /var/lib/dkms/amdgpu/6.0.5-1620033.22.04/build/amd/amdgpu/amdgpu_amdkfd_fence.o
  CC [M]  /var/lib/dkms/amdgpu/6.0.5-1620033.22.04/build/amd/amdgpu/amdgpu_amdkfd_gpuvm.o
  CC [M]  /var/lib/dkms/amdgpu/6.0.5-1620033.22.04/build/amd/amdgpu/amdgpu_amdkfd_gfx_v8.o
  CC [M]  /var/lib/dkms/amdgpu/6.0.5-1620033.22.04/build/amd/amdgpu/amdgpu_amdkfd_gfx_v9.o
  CC [M]  /var/lib/dkms/amdgpu/6.0.5-1620033.22.04/build/amd/amdgpu/amdgpu_amdkfd_arcturus.o
  CC [M]  /var/lib/dkms/amdgpu/6.0.5-1620033.22.04/build/amd/amdgpu/amdgpu_amdkfd_aldebaran.o
  CC [M]  /var/lib/dkms/amdgpu/6.0.5-1620033.22.04/build/amd/amdgpu/amdgpu_amdkfd_gfx_v10.o
  CC [M]  /var/lib/dkms/amdgpu/6.0.5-1620033.22.04/build/amd/amdgpu/amdgpu_amdkfd_gfx_v10_3.o
  CC [M]  /var/lib/dkms/amdgpu/6.0.5-1620033.22.04/build/amd/amdgpu/amdgpu_amdkfd_gfx_v11.o
  CC [M]  /var/lib/dkms/amdgpu/6.0.5-1620033.22.04/build/amd/amdgpu/amdgpu_amdkfd_rlc_spm.o
  CC [M]  /var/lib/dkms/amdgpu/6.0.5-1620033.22.04/build/amd/amdgpu/amdgpu_amdkfd_gfx_v7.o
  CC [M]  /var/lib/dkms/amdgpu/6.0.5-1620033.22.04/build/amd/amdgpu/amdgpu_cgs.o
  CC [M]  /var/lib/dkms/amdgpu/6.0.5-1620033.22.04/build/amd/amdgpu/amdgpu_job.o
  CC [M]  /var/lib/dkms/amdgpu/6.0.5-1620033.22.04/build/amd/amdgpu/amdgpu_ioc32.o
  CC [M]  /var/lib/dkms/amdgpu/6.0.5-1620033.22.04/build/amd/amdgpu/amdgpu_atpx_handler.o
  CC [M]  /var/lib/dkms/amdgpu/6.0.5-1620033.22.04/build/amd/amdgpu/amdgpu_acpi.o
  CC [M]  /var/lib/dkms/amdgpu/6.0.5-1620033.22.04/build/amd/amdgpu/amdgpu_hmm.o
  CC [M]  /var/lib/dkms/amdgpu/6.0.5-1620033.22.04/build/amd/amdgpu/../pm/swsmu/smu11/arcturus_ppt.o
  CC [M]  /var/lib/dkms/amdgpu/6.0.5-1620033.22.04/build/amd/amdgpu/../pm/swsmu/smu11/navi10_ppt.o
  CC [M]  /var/lib/dkms/amdgpu/6.0.5-1620033.22.04/build/amd/amdgpu/../pm/swsmu/smu11/sienna_cichlid_ppt.o
  CC [M]  /var/lib/dkms/amdgpu/6.0.5-1620033.22.04/build/amd/amdgpu/../pm/swsmu/smu11/vangogh_ppt.o
  CC [M]  /var/lib/dkms/amdgpu/6.0.5-1620033.22.04/build/amd/amdgpu/../pm/swsmu/smu11/cyan_skillfish_ppt.o
  CC [M]  /var/lib/dkms/amdgpu/6.0.5-1620033.22.04/build/amd/amdgpu/../pm/swsmu/smu11/smu_v11_0.o
  CC [M]  /var/lib/dkms/amdgpu/6.0.5-1620033.22.04/build/amd/amdgpu/../pm/swsmu/smu12/renoir_ppt.o
  CC [M]  /var/lib/dkms/amdgpu/6.0.5-1620033.22.04/build/amd/amdgpu/../pm/swsmu/smu12/smu_v12_0.o
  CC [M]  /var/lib/dkms/amdgpu/6.0.5-1620033.22.04/build/amd/amdgpu/../pm/swsmu/smu13/smu_v13_0.o
  CC [M]  /var/lib/dkms/amdgpu/6.0.5-1620033.22.04/build/amd/amdgpu/../pm/swsmu/smu13/aldebaran_ppt.o
  CC [M]  /var/lib/dkms/amdgpu/6.0.5-1620033.22.04/build/amd/amdgpu/../pm/swsmu/smu13/yellow_carp_ppt.o
  CC [M]  /var/lib/dkms/amdgpu/6.0.5-1620033.22.04/build/amd/amdgpu/../pm/swsmu/smu13/smu_v13_0_0_ppt.o
  CC [M]  /var/lib/dkms/amdgpu/6.0.5-1620033.22.04/build/amd/amdgpu/../pm/swsmu/smu13/smu_v13_0_4_ppt.o
  CC [M]  /var/lib/dkms/amdgpu/6.0.5-1620033.22.04/build/amd/amdgpu/../pm/swsmu/smu13/smu_v13_0_5_ppt.o
  CC [M]  /var/lib/dkms/amdgpu/6.0.5-1620033.22.04/build/amd/amdgpu/../pm/swsmu/smu13/smu_v13_0_7_ppt.o
  CC [M]  /var/lib/dkms/amdgpu/6.0.5-1620033.22.04/build/amd/amdgpu/../pm/swsmu/amdgpu_smu.o
  CC [M]  /var/lib/dkms/amdgpu/6.0.5-1620033.22.04/build/amd/amdgpu/../pm/swsmu/smu_cmn.o
  CC [M]  /var/lib/dkms/amdgpu/6.0.5-1620033.22.04/build/amd/amdgpu/../pm/powerplay/smumgr/smumgr.o
  CC [M]  /var/lib/dkms/amdgpu/6.0.5-1620033.22.04/build/amd/amdgpu/../pm/powerplay/smumgr/smu8_smumgr.o
  CC [M]  /var/lib/dkms/amdgpu/6.0.5-1620033.22.04/build/amd/amdgpu/../pm/powerplay/smumgr/tonga_smumgr.o
  CC [M]  /var/lib/dkms/amdgpu/6.0.5-1620033.22.04/build/amd/amdgpu/../pm/powerplay/smumgr/fiji_smumgr.o
  CC [M]  /var/lib/dkms/amdgpu/6.0.5-1620033.22.04/build/amd/amdgpu/../pm/powerplay/smumgr/polaris10_smumgr.o
  CC [M]  /var/lib/dkms/amdgpu/6.0.5-1620033.22.04/build/amd/amdgpu/../pm/powerplay/smumgr/iceland_smumgr.o
  CC [M]  /var/lib/dkms/amdgpu/6.0.5-1620033.22.04/build/amd/amdgpu/../pm/powerplay/smumgr/smu7_smumgr.o
  CC [M]  /var/lib/dkms/amdgpu/6.0.5-1620033.22.04/build/amd/amdgpu/../pm/powerplay/smumgr/vega10_smumgr.o
  CC [M]  /var/lib/dkms/amdgpu/6.0.5-1620033.22.04/build/amd/amdgpu/../pm/powerplay/smumgr/smu10_smumgr.o
  CC [M]  /var/lib/dkms/amdgpu/6.0.5-1620033.22.04/build/amd/amdgpu/../pm/powerplay/smumgr/ci_smumgr.o
  CC [M]  /var/lib/dkms/amdgpu/6.0.5-1620033.22.04/build/amd/amdgpu/../pm/powerplay/smumgr/vega12_smumgr.o
  CC [M]  /var/lib/dkms/amdgpu/6.0.5-1620033.22.04/build/amd/amdgpu/../pm/powerplay/smumgr/vegam_smumgr.o
  CC [M]  /var/lib/dkms/amdgpu/6.0.5-1620033.22.04/build/amd/amdgpu/../pm/powerplay/smumgr/smu9_smumgr.o
  CC [M]  /var/lib/dkms/amdgpu/6.0.5-1620033.22.04/build/amd/amdgpu/../pm/powerplay/smumgr/vega20_smumgr.o
  CC [M]  /var/lib/dkms/amdgpu/6.0.5-1620033.22.04/build/amd/amdgpu/../pm/powerplay/hwmgr/hwmgr.o
  CC [M]  /var/lib/dkms/amdgpu/6.0.5-1620033.22.04/build/amd/amdgpu/../pm/powerplay/hwmgr/processpptables.o
  CC [M]  /var/lib/dkms/amdgpu/6.0.5-1620033.22.04/build/amd/amdgpu/../pm/powerplay/hwmgr/hardwaremanager.o
  CC [M]  /var/lib/dkms/amdgpu/6.0.5-1620033.22.04/build/amd/amdgpu/../pm/powerplay/hwmgr/smu8_hwmgr.o
  CC [M]  /var/lib/dkms/amdgpu/6.0.5-1620033.22.04/build/amd/amdgpu/../pm/powerplay/hwmgr/pppcielanes.o
  CC [M]  /var/lib/dkms/amdgpu/6.0.5-1620033.22.04/build/amd/amdgpu/../pm/powerplay/hwmgr/process_pptables_v1_0.o
  CC [M]  /var/lib/dkms/amdgpu/6.0.5-1620033.22.04/build/amd/amdgpu/../pm/powerplay/hwmgr/ppatomctrl.o
  CC [M]  /var/lib/dkms/amdgpu/6.0.5-1620033.22.04/build/amd/amdgpu/../pm/powerplay/hwmgr/ppatomfwctrl.o
  CC [M]  /var/lib/dkms/amdgpu/6.0.5-1620033.22.04/build/amd/amdgpu/../pm/powerplay/hwmgr/smu7_hwmgr.o
  CC [M]  /var/lib/dkms/amdgpu/6.0.5-1620033.22.04/build/amd/amdgpu/../pm/powerplay/hwmgr/smu7_powertune.o
  CC [M]  /var/lib/dkms/amdgpu/6.0.5-1620033.22.04/build/amd/amdgpu/../pm/powerplay/hwmgr/smu7_thermal.o
  CC [M]  /var/lib/dkms/amdgpu/6.0.5-1620033.22.04/build/amd/amdgpu/../pm/powerplay/hwmgr/smu7_clockpowergating.o
  CC [M]  /var/lib/dkms/amdgpu/6.0.5-1620033.22.04/build/amd/amdgpu/../pm/powerplay/hwmgr/vega10_processpptables.o
  CC [M]  /var/lib/dkms/amdgpu/6.0.5-1620033.22.04/build/amd/amdgpu/../pm/powerplay/hwmgr/vega10_hwmgr.o
  CC [M]  /var/lib/dkms/amdgpu/6.0.5-1620033.22.04/build/amd/amdgpu/../pm/powerplay/hwmgr/vega10_powertune.o
  CC [M]  /var/lib/dkms/amdgpu/6.0.5-1620033.22.04/build/amd/amdgpu/../pm/powerplay/hwmgr/vega10_thermal.o
  CC [M]  /var/lib/dkms/amdgpu/6.0.5-1620033.22.04/build/amd/amdgpu/../pm/powerplay/hwmgr/smu10_hwmgr.o
  CC [M]  /var/lib/dkms/amdgpu/6.0.5-1620033.22.04/build/amd/amdgpu/../pm/powerplay/hwmgr/pp_psm.o
  CC [M]  /var/lib/dkms/amdgpu/6.0.5-1620033.22.04/build/amd/amdgpu/../pm/powerplay/hwmgr/vega12_processpptables.o
  CC [M]  /var/lib/dkms/amdgpu/6.0.5-1620033.22.04/build/amd/amdgpu/../pm/powerplay/hwmgr/vega12_hwmgr.o
  CC [M]  /var/lib/dkms/amdgpu/6.0.5-1620033.22.04/build/amd/amdgpu/../pm/powerplay/hwmgr/vega12_thermal.o
  CC [M]  /var/lib/dkms/amdgpu/6.0.5-1620033.22.04/build/amd/amdgpu/../pm/powerplay/hwmgr/pp_overdriver.o
  CC [M]  /var/lib/dkms/amdgpu/6.0.5-1620033.22.04/build/amd/amdgpu/../pm/powerplay/hwmgr/smu_helper.o
  CC [M]  /var/lib/dkms/amdgpu/6.0.5-1620033.22.04/build/amd/amdgpu/../pm/powerplay/hwmgr/vega20_processpptables.o
  CC [M]  /var/lib/dkms/amdgpu/6.0.5-1620033.22.04/build/amd/amdgpu/../pm/powerplay/hwmgr/vega20_hwmgr.o
  CC [M]  /var/lib/dkms/amdgpu/6.0.5-1620033.22.04/build/amd/amdgpu/../pm/powerplay/hwmgr/vega20_powertune.o
  CC [M]  /var/lib/dkms/amdgpu/6.0.5-1620033.22.04/build/amd/amdgpu/../pm/powerplay/hwmgr/vega20_thermal.o
  CC [M]  /var/lib/dkms/amdgpu/6.0.5-1620033.22.04/build/amd/amdgpu/../pm/powerplay/hwmgr/common_baco.o
  CC [M]  /var/lib/dkms/amdgpu/6.0.5-1620033.22.04/build/amd/amdgpu/../pm/powerplay/hwmgr/vega10_baco.o
  CC [M]  /var/lib/dkms/amdgpu/6.0.5-1620033.22.04/build/amd/amdgpu/../pm/powerplay/hwmgr/vega20_baco.o
  CC [M]  /var/lib/dkms/amdgpu/6.0.5-1620033.22.04/build/amd/amdgpu/../pm/powerplay/hwmgr/vega12_baco.o
  CC [M]  /var/lib/dkms/amdgpu/6.0.5-1620033.22.04/build/amd/amdgpu/../pm/powerplay/hwmgr/smu9_baco.o
  CC [M]  /var/lib/dkms/amdgpu/6.0.5-1620033.22.04/build/amd/amdgpu/../pm/powerplay/hwmgr/tonga_baco.o
  CC [M]  /var/lib/dkms/amdgpu/6.0.5-1620033.22.04/build/amd/amdgpu/../pm/powerplay/hwmgr/polaris_baco.o
  CC [M]  /var/lib/dkms/amdgpu/6.0.5-1620033.22.04/build/amd/amdgpu/../pm/powerplay/hwmgr/fiji_baco.o
  CC [M]  /var/lib/dkms/amdgpu/6.0.5-1620033.22.04/build/amd/amdgpu/../pm/powerplay/hwmgr/ci_baco.o
  CC [M]  /var/lib/dkms/amdgpu/6.0.5-1620033.22.04/build/amd/amdgpu/../pm/powerplay/hwmgr/smu7_baco.o
  CC [M]  /var/lib/dkms/amdgpu/6.0.5-1620033.22.04/build/amd/amdgpu/../pm/powerplay/amd_powerplay.o
  CC [M]  /var/lib/dkms/amdgpu/6.0.5-1620033.22.04/build/amd/amdgpu/../pm/legacy-dpm/legacy_dpm.o
  CC [M]  /var/lib/dkms/amdgpu/6.0.5-1620033.22.04/build/amd/amdgpu/../pm/legacy-dpm/kv_dpm.o
  CC [M]  /var/lib/dkms/amdgpu/6.0.5-1620033.22.04/build/amd/amdgpu/../pm/legacy-dpm/kv_smc.o
  CC [M]  /var/lib/dkms/amdgpu/6.0.5-1620033.22.04/build/amd/amdgpu/../pm/legacy-dpm/si_dpm.o
  CC [M]  /var/lib/dkms/amdgpu/6.0.5-1620033.22.04/build/amd/amdgpu/../pm/legacy-dpm/si_smc.o
  CC [M]  /var/lib/dkms/amdgpu/6.0.5-1620033.22.04/build/amd/amdgpu/../pm/amdgpu_dpm.o
  CC [M]  /var/lib/dkms/amdgpu/6.0.5-1620033.22.04/build/amd/amdgpu/../pm/amdgpu_pm.o
  CC [M]  /var/lib/dkms/amdgpu/6.0.5-1620033.22.04/build/amd/amdgpu/../pm/amdgpu_dpm_internal.o
  CC [M]  /var/lib/dkms/amdgpu/6.0.5-1620033.22.04/build/amd/amdgpu/../display/amdgpu_dm/amdgpu_dm.o
  CC [M]  /var/lib/dkms/amdgpu/6.0.5-1620033.22.04/build/amd/amdgpu/../display/amdgpu_dm/amdgpu_dm_plane.o
  CC [M]  /var/lib/dkms/amdgpu/6.0.5-1620033.22.04/build/amd/amdgpu/../display/amdgpu_dm/amdgpu_dm_crtc.o
  CC [M]  /var/lib/dkms/amdgpu/6.0.5-1620033.22.04/build/amd/amdgpu/../display/amdgpu_dm/amdgpu_dm_irq.o
  CC [M]  /var/lib/dkms/amdgpu/6.0.5-1620033.22.04/build/amd/amdgpu/../display/amdgpu_dm/amdgpu_dm_mst_types.o
  CC [M]  /var/lib/dkms/amdgpu/6.0.5-1620033.22.04/build/amd/amdgpu/../display/amdgpu_dm/amdgpu_dm_color.o
  CC [M]  /var/lib/dkms/amdgpu/6.0.5-1620033.22.04/build/amd/amdgpu/../display/amdgpu_dm/dc_fpu.o
  CC [M]  /var/lib/dkms/amdgpu/6.0.5-1620033.22.04/build/amd/amdgpu/../display/amdgpu_dm/amdgpu_dm_services.o
  CC [M]  /var/lib/dkms/amdgpu/6.0.5-1620033.22.04/build/amd/amdgpu/../display/amdgpu_dm/amdgpu_dm_helpers.o
  CC [M]  /var/lib/dkms/amdgpu/6.0.5-1620033.22.04/build/amd/amdgpu/../display/amdgpu_dm/amdgpu_dm_pp_smu.o
  CC [M]  /var/lib/dkms/amdgpu/6.0.5-1620033.22.04/build/amd/amdgpu/../display/amdgpu_dm/amdgpu_dm_psr.o
  CC [M]  /var/lib/dkms/amdgpu/6.0.5-1620033.22.04/build/amd/amdgpu/../display/amdgpu_dm/amdgpu_dm_hdcp.o
  CC [M]  /var/lib/dkms/amdgpu/6.0.5-1620033.22.04/build/amd/amdgpu/../display/amdgpu_dm/amdgpu_dm_crc.o
  CC [M]  /var/lib/dkms/amdgpu/6.0.5-1620033.22.04/build/amd/amdgpu/../display/amdgpu_dm/amdgpu_dm_debugfs.o
  CC [M]  /var/lib/dkms/amdgpu/6.0.5-1620033.22.04/build/amd/amdgpu/../display/dc/basics/conversion.o
  CC [M]  /var/lib/dkms/amdgpu/6.0.5-1620033.22.04/build/amd/amdgpu/../display/dc/basics/fixpt31_32.o
  CC [M]  /var/lib/dkms/amdgpu/6.0.5-1620033.22.04/build/amd/amdgpu/../display/dc/basics/vector.o
  CC [M]  /var/lib/dkms/amdgpu/6.0.5-1620033.22.04/build/amd/amdgpu/../display/dc/basics/dc_common.o
  CC [M]  /var/lib/dkms/amdgpu/6.0.5-1620033.22.04/build/amd/amdgpu/../display/dc/bios/bios_parser.o
  CC [M]  /var/lib/dkms/amdgpu/6.0.5-1620033.22.04/build/amd/amdgpu/../display/dc/bios/bios_parser_interface.o
  CC [M]  /var/lib/dkms/amdgpu/6.0.5-1620033.22.04/build/amd/amdgpu/../display/dc/bios/bios_parser_helper.o
  CC [M]  /var/lib/dkms/amdgpu/6.0.5-1620033.22.04/build/amd/amdgpu/../display/dc/bios/command_table.o
  CC [M]  /var/lib/dkms/amdgpu/6.0.5-1620033.22.04/build/amd/amdgpu/../display/dc/bios/command_table_helper.o
  CC [M]  /var/lib/dkms/amdgpu/6.0.5-1620033.22.04/build/amd/amdgpu/../display/dc/bios/bios_parser_common.o
  CC [M]  /var/lib/dkms/amdgpu/6.0.5-1620033.22.04/build/amd/amdgpu/../display/dc/bios/command_table2.o
  CC [M]  /var/lib/dkms/amdgpu/6.0.5-1620033.22.04/build/amd/amdgpu/../display/dc/bios/command_table_helper2.o
  CC [M]  /var/lib/dkms/amdgpu/6.0.5-1620033.22.04/build/amd/amdgpu/../display/dc/bios/bios_parser2.o
  CC [M]  /var/lib/dkms/amdgpu/6.0.5-1620033.22.04/build/amd/amdgpu/../display/dc/bios/dce80/command_table_helper_dce80.o
  CC [M]  /var/lib/dkms/amdgpu/6.0.5-1620033.22.04/build/amd/amdgpu/../display/dc/bios/dce110/command_table_helper_dce110.o
  CC [M]  /var/lib/dkms/amdgpu/6.0.5-1620033.22.04/build/amd/amdgpu/../display/dc/bios/dce112/command_table_helper_dce112.o
  CC [M]  /var/lib/dkms/amdgpu/6.0.5-1620033.22.04/build/amd/amdgpu/../display/dc/bios/dce112/command_table_helper2_dce112.o
  CC [M]  /var/lib/dkms/amdgpu/6.0.5-1620033.22.04/build/amd/amdgpu/../display/dc/dml/calcs/dce_calcs.o
  CC [M]  /var/lib/dkms/amdgpu/6.0.5-1620033.22.04/build/amd/amdgpu/../display/dc/dml/calcs/custom_float.o
  CC [M]  /var/lib/dkms/amdgpu/6.0.5-1620033.22.04/build/amd/amdgpu/../display/dc/dml/calcs/bw_fixed.o
  CC [M]  /var/lib/dkms/amdgpu/6.0.5-1620033.22.04/build/amd/amdgpu/../display/dc/dml/display_mode_lib.o
  CC [M]  /var/lib/dkms/amdgpu/6.0.5-1620033.22.04/build/amd/amdgpu/../display/dc/dml/display_rq_dlg_helpers.o
  CC [M]  /var/lib/dkms/amdgpu/6.0.5-1620033.22.04/build/amd/amdgpu/../display/dc/dml/dml1_display_rq_dlg_calc.o
  CC [M]  /var/lib/dkms/amdgpu/6.0.5-1620033.22.04/build/amd/amdgpu/../display/dc/dml/dcn10/dcn10_fpu.o
  CC [M]  /var/lib/dkms/amdgpu/6.0.5-1620033.22.04/build/amd/amdgpu/../display/dc/dml/dcn20/dcn20_fpu.o
  CC [M]  /var/lib/dkms/amdgpu/6.0.5-1620033.22.04/build/amd/amdgpu/../display/dc/dml/display_mode_vba.o
  CC [M]  /var/lib/dkms/amdgpu/6.0.5-1620033.22.04/build/amd/amdgpu/../display/dc/dml/dcn20/display_rq_dlg_calc_20.o
  CC [M]  /var/lib/dkms/amdgpu/6.0.5-1620033.22.04/build/amd/amdgpu/../display/dc/dml/dcn20/display_mode_vba_20.o
  CC [M]  /var/lib/dkms/amdgpu/6.0.5-1620033.22.04/build/amd/amdgpu/../display/dc/dml/dcn20/display_rq_dlg_calc_20v2.o
  CC [M]  /var/lib/dkms/amdgpu/6.0.5-1620033.22.04/build/amd/amdgpu/../display/dc/dml/dcn20/display_mode_vba_20v2.o
  CC [M]  /var/lib/dkms/amdgpu/6.0.5-1620033.22.04/build/amd/amdgpu/../display/dc/dml/dcn21/display_rq_dlg_calc_21.o
  CC [M]  /var/lib/dkms/amdgpu/6.0.5-1620033.22.04/build/amd/amdgpu/../display/dc/dml/dcn21/display_mode_vba_21.o
  CC [M]  /var/lib/dkms/amdgpu/6.0.5-1620033.22.04/build/amd/amdgpu/../display/dc/dml/dcn30/dcn30_fpu.o
  CC [M]  /var/lib/dkms/amdgpu/6.0.5-1620033.22.04/build/amd/amdgpu/../display/dc/dml/dcn30/display_mode_vba_30.o
  CC [M]  /var/lib/dkms/amdgpu/6.0.5-1620033.22.04/build/amd/amdgpu/../display/dc/dml/dcn30/display_rq_dlg_calc_30.o
  CC [M]  /var/lib/dkms/amdgpu/6.0.5-1620033.22.04/build/amd/amdgpu/../display/dc/dml/dcn31/display_mode_vba_31.o
  CC [M]  /var/lib/dkms/amdgpu/6.0.5-1620033.22.04/build/amd/amdgpu/../display/dc/dml/dcn31/display_rq_dlg_calc_31.o
  CC [M]  /var/lib/dkms/amdgpu/6.0.5-1620033.22.04/build/amd/amdgpu/../display/dc/dml/dcn314/display_mode_vba_314.o
  CC [M]  /var/lib/dkms/amdgpu/6.0.5-1620033.22.04/build/amd/amdgpu/../display/dc/dml/dcn314/display_rq_dlg_calc_314.o
  CC [M]  /var/lib/dkms/amdgpu/6.0.5-1620033.22.04/build/amd/amdgpu/../display/dc/dml/dcn32/display_mode_vba_32.o
  CC [M]  /var/lib/dkms/amdgpu/6.0.5-1620033.22.04/build/amd/amdgpu/../display/dc/dml/dcn32/display_rq_dlg_calc_32.o
  CC [M]  /var/lib/dkms/amdgpu/6.0.5-1620033.22.04/build/amd/amdgpu/../display/dc/dml/dcn32/display_mode_vba_util_32.o
  CC [M]  /var/lib/dkms/amdgpu/6.0.5-1620033.22.04/build/amd/amdgpu/../display/dc/dml/dcn31/dcn31_fpu.o
  CC [M]  /var/lib/dkms/amdgpu/6.0.5-1620033.22.04/build/amd/amdgpu/../display/dc/dml/dcn32/dcn32_fpu.o
  CC [M]  /var/lib/dkms/amdgpu/6.0.5-1620033.22.04/build/amd/amdgpu/../display/dc/dml/dcn321/dcn321_fpu.o
  CC [M]  /var/lib/dkms/amdgpu/6.0.5-1620033.22.04/build/amd/amdgpu/../display/dc/dml/dcn301/dcn301_fpu.o
  CC [M]  /var/lib/dkms/amdgpu/6.0.5-1620033.22.04/build/amd/amdgpu/../display/dc/dml/dcn302/dcn302_fpu.o
  CC [M]  /var/lib/dkms/amdgpu/6.0.5-1620033.22.04/build/amd/amdgpu/../display/dc/dml/dcn303/dcn303_fpu.o
  CC [M]  /var/lib/dkms/amdgpu/6.0.5-1620033.22.04/build/amd/amdgpu/../display/dc/dml/dcn314/dcn314_fpu.o
  CC [M]  /var/lib/dkms/amdgpu/6.0.5-1620033.22.04/build/amd/amdgpu/../display/dc/dml/dsc/rc_calc_fpu.o
  CC [M]  /var/lib/dkms/amdgpu/6.0.5-1620033.22.04/build/amd/amdgpu/../display/dc/dml/calcs/dcn_calcs.o
  CC [M]  /var/lib/dkms/amdgpu/6.0.5-1620033.22.04/build/amd/amdgpu/../display/dc/dml/calcs/dcn_calc_math.o
  CC [M]  /var/lib/dkms/amdgpu/6.0.5-1620033.22.04/build/amd/amdgpu/../display/dc/dml/calcs/dcn_calc_auto.o
  CC [M]  /var/lib/dkms/amdgpu/6.0.5-1620033.22.04/build/amd/amdgpu/../display/dc/clk_mgr/clk_mgr.o
  CC [M]  /var/lib/dkms/amdgpu/6.0.5-1620033.22.04/build/amd/amdgpu/../display/dc/clk_mgr/dce100/dce_clk_mgr.o
  CC [M]  /var/lib/dkms/amdgpu/6.0.5-1620033.22.04/build/amd/amdgpu/../display/dc/clk_mgr/dce110/dce110_clk_mgr.o
  CC [M]  /var/lib/dkms/amdgpu/6.0.5-1620033.22.04/build/amd/amdgpu/../display/dc/clk_mgr/dce112/dce112_clk_mgr.o
  CC [M]  /var/lib/dkms/amdgpu/6.0.5-1620033.22.04/build/amd/amdgpu/../display/dc/clk_mgr/dce120/dce120_clk_mgr.o
  CC [M]  /var/lib/dkms/amdgpu/6.0.5-1620033.22.04/build/amd/amdgpu/../display/dc/clk_mgr/dcn10/rv1_clk_mgr.o
  CC [M]  /var/lib/dkms/amdgpu/6.0.5-1620033.22.04/build/amd/amdgpu/../display/dc/clk_mgr/dcn10/rv1_clk_mgr_vbios_smu.o
  CC [M]  /var/lib/dkms/amdgpu/6.0.5-1620033.22.04/build/amd/amdgpu/../display/dc/clk_mgr/dcn10/rv2_clk_mgr.o
  CC [M]  /var/lib/dkms/amdgpu/6.0.5-1620033.22.04/build/amd/amdgpu/../display/dc/clk_mgr/dcn20/dcn20_clk_mgr.o
  CC [M]  /var/lib/dkms/amdgpu/6.0.5-1620033.22.04/build/amd/amdgpu/../display/dc/clk_mgr/dcn201/dcn201_clk_mgr.o
  CC [M]  /var/lib/dkms/amdgpu/6.0.5-1620033.22.04/build/amd/amdgpu/../display/dc/clk_mgr/dcn21/rn_clk_mgr.o
  CC [M]  /var/lib/dkms/amdgpu/6.0.5-1620033.22.04/build/amd/amdgpu/../display/dc/clk_mgr/dcn21/rn_clk_mgr_vbios_smu.o
  CC [M]  /var/lib/dkms/amdgpu/6.0.5-1620033.22.04/build/amd/amdgpu/../display/dc/clk_mgr/dcn30/dcn30_clk_mgr.o
  CC [M]  /var/lib/dkms/amdgpu/6.0.5-1620033.22.04/build/amd/amdgpu/../display/dc/clk_mgr/dcn30/dcn30_clk_mgr_smu_msg.o
  CC [M]  /var/lib/dkms/amdgpu/6.0.5-1620033.22.04/build/amd/amdgpu/../display/dc/clk_mgr/dcn301/vg_clk_mgr.o
  CC [M]  /var/lib/dkms/amdgpu/6.0.5-1620033.22.04/build/amd/amdgpu/../display/dc/clk_mgr/dcn301/dcn301_smu.o
  CC [M]  /var/lib/dkms/amdgpu/6.0.5-1620033.22.04/build/amd/amdgpu/../display/dc/clk_mgr/dcn31/dcn31_smu.o
  CC [M]  /var/lib/dkms/amdgpu/6.0.5-1620033.22.04/build/amd/amdgpu/../display/dc/clk_mgr/dcn31/dcn31_clk_mgr.o
  CC [M]  /var/lib/dkms/amdgpu/6.0.5-1620033.22.04/build/amd/amdgpu/../display/dc/clk_mgr/dcn314/dcn314_smu.o
  CC [M]  /var/lib/dkms/amdgpu/6.0.5-1620033.22.04/build/amd/amdgpu/../display/dc/clk_mgr/dcn314/dcn314_clk_mgr.o
  CC [M]  /var/lib/dkms/amdgpu/6.0.5-1620033.22.04/build/amd/amdgpu/../display/dc/clk_mgr/dcn315/dcn315_smu.o
  CC [M]  /var/lib/dkms/amdgpu/6.0.5-1620033.22.04/build/amd/amdgpu/../display/dc/clk_mgr/dcn315/dcn315_clk_mgr.o
  CC [M]  /var/lib/dkms/amdgpu/6.0.5-1620033.22.04/build/amd/amdgpu/../display/dc/clk_mgr/dcn316/dcn316_smu.o
  CC [M]  /var/lib/dkms/amdgpu/6.0.5-1620033.22.04/build/amd/amdgpu/../display/dc/clk_mgr/dcn316/dcn316_clk_mgr.o
  CC [M]  /var/lib/dkms/amdgpu/6.0.5-1620033.22.04/build/amd/amdgpu/../display/dc/clk_mgr/dcn32/dcn32_clk_mgr.o
  CC [M]  /var/lib/dkms/amdgpu/6.0.5-1620033.22.04/build/amd/amdgpu/../display/dc/clk_mgr/dcn32/dcn32_clk_mgr_smu_msg.o
  CC [M]  /var/lib/dkms/amdgpu/6.0.5-1620033.22.04/build/amd/amdgpu/../display/dc/dce/dce_audio.o
  CC [M]  /var/lib/dkms/amdgpu/6.0.5-1620033.22.04/build/amd/amdgpu/../display/dc/dce/dce_stream_encoder.o
  CC [M]  /var/lib/dkms/amdgpu/6.0.5-1620033.22.04/build/amd/amdgpu/../display/dc/dce/dce_link_encoder.o
  CC [M]  /var/lib/dkms/amdgpu/6.0.5-1620033.22.04/build/amd/amdgpu/../display/dc/dce/dce_hwseq.o
  CC [M]  /var/lib/dkms/amdgpu/6.0.5-1620033.22.04/build/amd/amdgpu/../display/dc/dce/dce_mem_input.o
  CC [M]  /var/lib/dkms/amdgpu/6.0.5-1620033.22.04/build/amd/amdgpu/../display/dc/dce/dce_clock_source.o
  CC [M]  /var/lib/dkms/amdgpu/6.0.5-1620033.22.04/build/amd/amdgpu/../display/dc/dce/dce_scl_filters.o
  CC [M]  /var/lib/dkms/amdgpu/6.0.5-1620033.22.04/build/amd/amdgpu/../display/dc/dce/dce_transform.o
  CC [M]  /var/lib/dkms/amdgpu/6.0.5-1620033.22.04/build/amd/amdgpu/../display/dc/dce/dce_opp.o
  CC [M]  /var/lib/dkms/amdgpu/6.0.5-1620033.22.04/build/amd/amdgpu/../display/dc/dce/dce_dmcu.o
  CC [M]  /var/lib/dkms/amdgpu/6.0.5-1620033.22.04/build/amd/amdgpu/../display/dc/dce/dce_abm.o
  CC [M]  /var/lib/dkms/amdgpu/6.0.5-1620033.22.04/build/amd/amdgpu/../display/dc/dce/dce_ipp.o
  CC [M]  /var/lib/dkms/amdgpu/6.0.5-1620033.22.04/build/amd/amdgpu/../display/dc/dce/dce_aux.o
  CC [M]  /var/lib/dkms/amdgpu/6.0.5-1620033.22.04/build/amd/amdgpu/../display/dc/dce/dce_i2c.o
  CC [M]  /var/lib/dkms/amdgpu/6.0.5-1620033.22.04/build/amd/amdgpu/../display/dc/dce/dce_i2c_hw.o
  CC [M]  /var/lib/dkms/amdgpu/6.0.5-1620033.22.04/build/amd/amdgpu/../display/dc/dce/dce_i2c_sw.o
  CC [M]  /var/lib/dkms/amdgpu/6.0.5-1620033.22.04/build/amd/amdgpu/../display/dc/dce/dmub_psr.o
  CC [M]  /var/lib/dkms/amdgpu/6.0.5-1620033.22.04/build/amd/amdgpu/../display/dc/dce/dmub_abm.o
  CC [M]  /var/lib/dkms/amdgpu/6.0.5-1620033.22.04/build/amd/amdgpu/../display/dc/dce/dce_panel_cntl.o
  CC [M]  /var/lib/dkms/amdgpu/6.0.5-1620033.22.04/build/amd/amdgpu/../display/dc/dce/dmub_hw_lock_mgr.o
  CC [M]  /var/lib/dkms/amdgpu/6.0.5-1620033.22.04/build/amd/amdgpu/../display/dc/dce/dmub_outbox.o
  CC [M]  /var/lib/dkms/amdgpu/6.0.5-1620033.22.04/build/amd/amdgpu/../display/dc/gpio/gpio_base.o
  CC [M]  /var/lib/dkms/amdgpu/6.0.5-1620033.22.04/build/amd/amdgpu/../display/dc/gpio/gpio_service.o
  CC [M]  /var/lib/dkms/amdgpu/6.0.5-1620033.22.04/build/amd/amdgpu/../display/dc/gpio/hw_factory.o
  CC [M]  /var/lib/dkms/amdgpu/6.0.5-1620033.22.04/build/amd/amdgpu/../display/dc/gpio/hw_gpio.o
  CC [M]  /var/lib/dkms/amdgpu/6.0.5-1620033.22.04/build/amd/amdgpu/../display/dc/gpio/hw_hpd.o
  CC [M]  /var/lib/dkms/amdgpu/6.0.5-1620033.22.04/build/amd/amdgpu/../display/dc/gpio/hw_ddc.o
  CC [M]  /var/lib/dkms/amdgpu/6.0.5-1620033.22.04/build/amd/amdgpu/../display/dc/gpio/hw_generic.o
  CC [M]  /var/lib/dkms/amdgpu/6.0.5-1620033.22.04/build/amd/amdgpu/../display/dc/gpio/hw_translate.o
  CC [M]  /var/lib/dkms/amdgpu/6.0.5-1620033.22.04/build/amd/amdgpu/../display/dc/gpio/dce80/hw_translate_dce80.o
  CC [M]  /var/lib/dkms/amdgpu/6.0.5-1620033.22.04/build/amd/amdgpu/../display/dc/gpio/dce80/hw_factory_dce80.o
  CC [M]  /var/lib/dkms/amdgpu/6.0.5-1620033.22.04/build/amd/amdgpu/../display/dc/gpio/dce110/hw_translate_dce110.o
  CC [M]  /var/lib/dkms/amdgpu/6.0.5-1620033.22.04/build/amd/amdgpu/../display/dc/gpio/dce110/hw_factory_dce110.o
  CC [M]  /var/lib/dkms/amdgpu/6.0.5-1620033.22.04/build/amd/amdgpu/../display/dc/gpio/dce120/hw_translate_dce120.o
  CC [M]  /var/lib/dkms/amdgpu/6.0.5-1620033.22.04/build/amd/amdgpu/../display/dc/gpio/dce120/hw_factory_dce120.o
  CC [M]  /var/lib/dkms/amdgpu/6.0.5-1620033.22.04/build/amd/amdgpu/../display/dc/gpio/dcn10/hw_translate_dcn10.o
  CC [M]  /var/lib/dkms/amdgpu/6.0.5-1620033.22.04/build/amd/amdgpu/../display/dc/gpio/dcn10/hw_factory_dcn10.o
  CC [M]  /var/lib/dkms/amdgpu/6.0.5-1620033.22.04/build/amd/amdgpu/../display/dc/gpio/dcn20/hw_translate_dcn20.o
  CC [M]  /var/lib/dkms/amdgpu/6.0.5-1620033.22.04/build/amd/amdgpu/../display/dc/gpio/dcn20/hw_factory_dcn20.o
  CC [M]  /var/lib/dkms/amdgpu/6.0.5-1620033.22.04/build/amd/amdgpu/../display/dc/gpio/dcn21/hw_translate_dcn21.o
  CC [M]  /var/lib/dkms/amdgpu/6.0.5-1620033.22.04/build/amd/amdgpu/../display/dc/gpio/dcn21/hw_factory_dcn21.o
  CC [M]  /var/lib/dkms/amdgpu/6.0.5-1620033.22.04/build/amd/amdgpu/../display/dc/gpio/dcn30/hw_translate_dcn30.o
  CC [M]  /var/lib/dkms/amdgpu/6.0.5-1620033.22.04/build/amd/amdgpu/../display/dc/gpio/dcn30/hw_factory_dcn30.o
  CC [M]  /var/lib/dkms/amdgpu/6.0.5-1620033.22.04/build/amd/amdgpu/../display/dc/gpio/dcn315/hw_translate_dcn315.o
  CC [M]  /var/lib/dkms/amdgpu/6.0.5-1620033.22.04/build/amd/amdgpu/../display/dc/gpio/dcn315/hw_factory_dcn315.o
  CC [M]  /var/lib/dkms/amdgpu/6.0.5-1620033.22.04/build/amd/amdgpu/../display/dc/gpio/dcn32/hw_translate_dcn32.o
  CC [M]  /var/lib/dkms/amdgpu/6.0.5-1620033.22.04/build/amd/amdgpu/../display/dc/gpio/dcn32/hw_factory_dcn32.o
  CC [M]  /var/lib/dkms/amdgpu/6.0.5-1620033.22.04/build/amd/amdgpu/../display/dc/irq/irq_service.o
  CC [M]  /var/lib/dkms/amdgpu/6.0.5-1620033.22.04/build/amd/amdgpu/../display/dc/irq/dce80/irq_service_dce80.o
  CC [M]  /var/lib/dkms/amdgpu/6.0.5-1620033.22.04/build/amd/amdgpu/../display/dc/irq/dce110/irq_service_dce110.o
  CC [M]  /var/lib/dkms/amdgpu/6.0.5-1620033.22.04/build/amd/amdgpu/../display/dc/irq/dce120/irq_service_dce120.o
  CC [M]  /var/lib/dkms/amdgpu/6.0.5-1620033.22.04/build/amd/amdgpu/../display/dc/irq/dcn10/irq_service_dcn10.o
  CC [M]  /var/lib/dkms/amdgpu/6.0.5-1620033.22.04/build/amd/amdgpu/../display/dc/irq/dcn20/irq_service_dcn20.o
  CC [M]  /var/lib/dkms/amdgpu/6.0.5-1620033.22.04/build/amd/amdgpu/../display/dc/irq/dcn21/irq_service_dcn21.o
  CC [M]  /var/lib/dkms/amdgpu/6.0.5-1620033.22.04/build/amd/amdgpu/../display/dc/irq/dcn201/irq_service_dcn201.o
  CC [M]  /var/lib/dkms/amdgpu/6.0.5-1620033.22.04/build/amd/amdgpu/../display/dc/irq/dcn30/irq_service_dcn30.o
  CC [M]  /var/lib/dkms/amdgpu/6.0.5-1620033.22.04/build/amd/amdgpu/../display/dc/irq/dcn302/irq_service_dcn302.o
  CC [M]  /var/lib/dkms/amdgpu/6.0.5-1620033.22.04/build/amd/amdgpu/../display/dc/irq/dcn303/irq_service_dcn303.o
  CC [M]  /var/lib/dkms/amdgpu/6.0.5-1620033.22.04/build/amd/amdgpu/../display/dc/irq/dcn31/irq_service_dcn31.o
  CC [M]  /var/lib/dkms/amdgpu/6.0.5-1620033.22.04/build/amd/amdgpu/../display/dc/irq/dcn314/irq_service_dcn314.o
  CC [M]  /var/lib/dkms/amdgpu/6.0.5-1620033.22.04/build/amd/amdgpu/../display/dc/irq/dcn315/irq_service_dcn315.o
  CC [M]  /var/lib/dkms/amdgpu/6.0.5-1620033.22.04/build/amd/amdgpu/../display/dc/irq/dcn32/irq_service_dcn32.o
  CC [M]  /var/lib/dkms/amdgpu/6.0.5-1620033.22.04/build/amd/amdgpu/../display/dc/link/link_detection.o
  CC [M]  /var/lib/dkms/amdgpu/6.0.5-1620033.22.04/build/amd/amdgpu/../display/dc/link/link_dpms.o
  CC [M]  /var/lib/dkms/amdgpu/6.0.5-1620033.22.04/build/amd/amdgpu/../display/dc/link/link_factory.o
  CC [M]  /var/lib/dkms/amdgpu/6.0.5-1620033.22.04/build/amd/amdgpu/../display/dc/link/link_resource.o
  CC [M]  /var/lib/dkms/amdgpu/6.0.5-1620033.22.04/build/amd/amdgpu/../display/dc/link/link_validation.o
  CC [M]  /var/lib/dkms/amdgpu/6.0.5-1620033.22.04/build/amd/amdgpu/../display/dc/link/accessories/link_dp_trace.o
  CC [M]  /var/lib/dkms/amdgpu/6.0.5-1620033.22.04/build/amd/amdgpu/../display/dc/link/accessories/link_dp_cts.o
  CC [M]  /var/lib/dkms/amdgpu/6.0.5-1620033.22.04/build/amd/amdgpu/../display/dc/link/accessories/link_fpga.o
  CC [M]  /var/lib/dkms/amdgpu/6.0.5-1620033.22.04/build/amd/amdgpu/../display/dc/link/hwss/link_hwss_dio.o
  CC [M]  /var/lib/dkms/amdgpu/6.0.5-1620033.22.04/build/amd/amdgpu/../display/dc/link/hwss/link_hwss_dpia.o
  CC [M]  /var/lib/dkms/amdgpu/6.0.5-1620033.22.04/build/amd/amdgpu/../display/dc/link/hwss/link_hwss_hpo_dp.o
  CC [M]  /var/lib/dkms/amdgpu/6.0.5-1620033.22.04/build/amd/amdgpu/../display/dc/link/protocols/link_hpd.o
  CC [M]  /var/lib/dkms/amdgpu/6.0.5-1620033.22.04/build/amd/amdgpu/../display/dc/link/protocols/link_ddc.o
  CC [M]  /var/lib/dkms/amdgpu/6.0.5-1620033.22.04/build/amd/amdgpu/../display/dc/link/protocols/link_dpcd.o
  CC [M]  /var/lib/dkms/amdgpu/6.0.5-1620033.22.04/build/amd/amdgpu/../display/dc/link/protocols/link_dp_dpia.o
  CC [M]  /var/lib/dkms/amdgpu/6.0.5-1620033.22.04/build/amd/amdgpu/../display/dc/link/protocols/link_dp_training.o
  CC [M]  /var/lib/dkms/amdgpu/6.0.5-1620033.22.04/build/amd/amdgpu/../display/dc/link/protocols/link_dp_training_8b_10b.o
  CC [M]  /var/lib/dkms/amdgpu/6.0.5-1620033.22.04/build/amd/amdgpu/../display/dc/link/protocols/link_dp_training_128b_132b.o
  CC [M]  /var/lib/dkms/amdgpu/6.0.5-1620033.22.04/build/amd/amdgpu/../display/dc/link/protocols/link_dp_training_dpia.o
  CC [M]  /var/lib/dkms/amdgpu/6.0.5-1620033.22.04/build/amd/amdgpu/../display/dc/link/protocols/link_dp_training_auxless.o
  CC [M]  /var/lib/dkms/amdgpu/6.0.5-1620033.22.04/build/amd/amdgpu/../display/dc/link/protocols/link_dp_training_fixed_vs_pe_retimer.o
  CC [M]  /var/lib/dkms/amdgpu/6.0.5-1620033.22.04/build/amd/amdgpu/../display/dc/link/protocols/link_dp_phy.o
  CC [M]  /var/lib/dkms/amdgpu/6.0.5-1620033.22.04/build/amd/amdgpu/../display/dc/link/protocols/link_dp_capability.o
  CC [M]  /var/lib/dkms/amdgpu/6.0.5-1620033.22.04/build/amd/amdgpu/../display/dc/link/protocols/link_edp_panel_control.o
  CC [M]  /var/lib/dkms/amdgpu/6.0.5-1620033.22.04/build/amd/amdgpu/../display/dc/link/protocols/link_dp_irq_handler.o
  CC [M]  /var/lib/dkms/amdgpu/6.0.5-1620033.22.04/build/amd/amdgpu/../display/dc/virtual/virtual_link_encoder.o
  CC [M]  /var/lib/dkms/amdgpu/6.0.5-1620033.22.04/build/amd/amdgpu/../display/dc/virtual/virtual_stream_encoder.o
  CC [M]  /var/lib/dkms/amdgpu/6.0.5-1620033.22.04/build/amd/amdgpu/../display/dc/virtual/virtual_link_hwss.o
  CC [M]  /var/lib/dkms/amdgpu/6.0.5-1620033.22.04/build/amd/amdgpu/../display/dc/dcn20/dcn20_resource.o
  CC [M]  /var/lib/dkms/amdgpu/6.0.5-1620033.22.04/build/amd/amdgpu/../display/dc/dcn20/dcn20_init.o
  CC [M]  /var/lib/dkms/amdgpu/6.0.5-1620033.22.04/build/amd/amdgpu/../display/dc/dcn20/dcn20_hwseq.o
  CC [M]  /var/lib/dkms/amdgpu/6.0.5-1620033.22.04/build/amd/amdgpu/../display/dc/dcn20/dcn20_dpp.o
  CC [M]  /var/lib/dkms/amdgpu/6.0.5-1620033.22.04/build/amd/amdgpu/../display/dc/dcn20/dcn20_dpp_cm.o
  CC [M]  /var/lib/dkms/amdgpu/6.0.5-1620033.22.04/build/amd/amdgpu/../display/dc/dcn20/dcn20_hubp.o
  CC [M]  /var/lib/dkms/amdgpu/6.0.5-1620033.22.04/build/amd/amdgpu/../display/dc/dcn20/dcn20_mpc.o
  CC [M]  /var/lib/dkms/amdgpu/6.0.5-1620033.22.04/build/amd/amdgpu/../display/dc/dcn20/dcn20_opp.o
  CC [M]  /var/lib/dkms/amdgpu/6.0.5-1620033.22.04/build/amd/amdgpu/../display/dc/dcn20/dcn20_hubbub.o
  CC [M]  /var/lib/dkms/amdgpu/6.0.5-1620033.22.04/build/amd/amdgpu/../display/dc/dcn20/dcn20_optc.o
  CC [M]  /var/lib/dkms/amdgpu/6.0.5-1620033.22.04/build/amd/amdgpu/../display/dc/dcn20/dcn20_mmhubbub.o
  CC [M]  /var/lib/dkms/amdgpu/6.0.5-1620033.22.04/build/amd/amdgpu/../display/dc/dcn20/dcn20_stream_encoder.o
  CC [M]  /var/lib/dkms/amdgpu/6.0.5-1620033.22.04/build/amd/amdgpu/../display/dc/dcn20/dcn20_link_encoder.o
  CC [M]  /var/lib/dkms/amdgpu/6.0.5-1620033.22.04/build/amd/amdgpu/../display/dc/dcn20/dcn20_dccg.o
  CC [M]  /var/lib/dkms/amdgpu/6.0.5-1620033.22.04/build/amd/amdgpu/../display/dc/dcn20/dcn20_vmid.o
  CC [M]  /var/lib/dkms/amdgpu/6.0.5-1620033.22.04/build/amd/amdgpu/../display/dc/dcn20/dcn20_dwb.o
  CC [M]  /var/lib/dkms/amdgpu/6.0.5-1620033.22.04/build/amd/amdgpu/../display/dc/dcn20/dcn20_dwb_scl.o
  CC [M]  /var/lib/dkms/amdgpu/6.0.5-1620033.22.04/build/amd/amdgpu/../display/dc/dcn20/dcn20_dsc.o
  CC [M]  /var/lib/dkms/amdgpu/6.0.5-1620033.22.04/build/amd/amdgpu/../display/dc/dsc/dc_dsc.o
  CC [M]  /var/lib/dkms/amdgpu/6.0.5-1620033.22.04/build/amd/amdgpu/../display/dc/dsc/rc_calc.o
  CC [M]  /var/lib/dkms/amdgpu/6.0.5-1620033.22.04/build/amd/amdgpu/../display/dc/dsc/rc_calc_dpi.o
  CC [M]  /var/lib/dkms/amdgpu/6.0.5-1620033.22.04/build/amd/amdgpu/../display/dc/dcn10/dcn10_init.o
  CC [M]  /var/lib/dkms/amdgpu/6.0.5-1620033.22.04/build/amd/amdgpu/../display/dc/dcn10/dcn10_resource.o
  CC [M]  /var/lib/dkms/amdgpu/6.0.5-1620033.22.04/build/amd/amdgpu/../display/dc/dcn10/dcn10_ipp.o
  CC [M]  /var/lib/dkms/amdgpu/6.0.5-1620033.22.04/build/amd/amdgpu/../display/dc/dcn10/dcn10_hw_sequencer.o
  CC [M]  /var/lib/dkms/amdgpu/6.0.5-1620033.22.04/build/amd/amdgpu/../display/dc/dcn10/dcn10_hw_sequencer_debug.o
  CC [M]  /var/lib/dkms/amdgpu/6.0.5-1620033.22.04/build/amd/amdgpu/../display/dc/dcn10/dcn10_dpp.o
  CC [M]  /var/lib/dkms/amdgpu/6.0.5-1620033.22.04/build/amd/amdgpu/../display/dc/dcn10/dcn10_opp.o
  CC [M]  /var/lib/dkms/amdgpu/6.0.5-1620033.22.04/build/amd/amdgpu/../display/dc/dcn10/dcn10_optc.o
  CC [M]  /var/lib/dkms/amdgpu/6.0.5-1620033.22.04/build/amd/amdgpu/../display/dc/dcn10/dcn10_hubp.o
  CC [M]  /var/lib/dkms/amdgpu/6.0.5-1620033.22.04/build/amd/amdgpu/../display/dc/dcn10/dcn10_mpc.o
  CC [M]  /var/lib/dkms/amdgpu/6.0.5-1620033.22.04/build/amd/amdgpu/../display/dc/dcn10/dcn10_dpp_dscl.o
  CC [M]  /var/lib/dkms/amdgpu/6.0.5-1620033.22.04/build/amd/amdgpu/../display/dc/dcn10/dcn10_dpp_cm.o
  CC [M]  /var/lib/dkms/amdgpu/6.0.5-1620033.22.04/build/amd/amdgpu/../display/dc/dcn10/dcn10_cm_common.o
  CC [M]  /var/lib/dkms/amdgpu/6.0.5-1620033.22.04/build/amd/amdgpu/../display/dc/dcn10/dcn10_hubbub.o
  CC [M]  /var/lib/dkms/amdgpu/6.0.5-1620033.22.04/build/amd/amdgpu/../display/dc/dcn10/dcn10_stream_encoder.o
  CC [M]  /var/lib/dkms/amdgpu/6.0.5-1620033.22.04/build/amd/amdgpu/../display/dc/dcn10/dcn10_link_encoder.o
  CC [M]  /var/lib/dkms/amdgpu/6.0.5-1620033.22.04/build/amd/amdgpu/../display/dc/dcn21/dcn21_init.o
  CC [M]  /var/lib/dkms/amdgpu/6.0.5-1620033.22.04/build/amd/amdgpu/../display/dc/dcn21/dcn21_hubp.o
  CC [M]  /var/lib/dkms/amdgpu/6.0.5-1620033.22.04/build/amd/amdgpu/../display/dc/dcn21/dcn21_hubbub.o
  CC [M]  /var/lib/dkms/amdgpu/6.0.5-1620033.22.04/build/amd/amdgpu/../display/dc/dcn21/dcn21_resource.o
  CC [M]  /var/lib/dkms/amdgpu/6.0.5-1620033.22.04/build/amd/amdgpu/../display/dc/dcn21/dcn21_hwseq.o
  CC [M]  /var/lib/dkms/amdgpu/6.0.5-1620033.22.04/build/amd/amdgpu/../display/dc/dcn21/dcn21_link_encoder.o
  CC [M]  /var/lib/dkms/amdgpu/6.0.5-1620033.22.04/build/amd/amdgpu/../display/dc/dcn21/dcn21_dccg.o
  CC [M]  /var/lib/dkms/amdgpu/6.0.5-1620033.22.04/build/amd/amdgpu/../display/dc/dcn201/dcn201_init.o
  CC [M]  /var/lib/dkms/amdgpu/6.0.5-1620033.22.04/build/amd/amdgpu/../display/dc/dcn201/dcn201_resource.o
  CC [M]  /var/lib/dkms/amdgpu/6.0.5-1620033.22.04/build/amd/amdgpu/../display/dc/dcn201/dcn201_hwseq.o
  CC [M]  /var/lib/dkms/amdgpu/6.0.5-1620033.22.04/build/amd/amdgpu/../display/dc/dcn201/dcn201_hubbub.o
  CC [M]  /var/lib/dkms/amdgpu/6.0.5-1620033.22.04/build/amd/amdgpu/../display/dc/dcn201/dcn201_mpc.o
  CC [M]  /var/lib/dkms/amdgpu/6.0.5-1620033.22.04/build/amd/amdgpu/../display/dc/dcn201/dcn201_hubp.o
  CC [M]  /var/lib/dkms/amdgpu/6.0.5-1620033.22.04/build/amd/amdgpu/../display/dc/dcn201/dcn201_opp.o
  CC [M]  /var/lib/dkms/amdgpu/6.0.5-1620033.22.04/build/amd/amdgpu/../display/dc/dcn201/dcn201_optc.o
  CC [M]  /var/lib/dkms/amdgpu/6.0.5-1620033.22.04/build/amd/amdgpu/../display/dc/dcn201/dcn201_dpp.o
  CC [M]  /var/lib/dkms/amdgpu/6.0.5-1620033.22.04/build/amd/amdgpu/../display/dc/dcn201/dcn201_dccg.o
  CC [M]  /var/lib/dkms/amdgpu/6.0.5-1620033.22.04/build/amd/amdgpu/../display/dc/dcn201/dcn201_link_encoder.o
  CC [M]  /var/lib/dkms/amdgpu/6.0.5-1620033.22.04/build/amd/amdgpu/../display/dc/dcn30/dcn30_init.o
  CC [M]  /var/lib/dkms/amdgpu/6.0.5-1620033.22.04/build/amd/amdgpu/../display/dc/dcn30/dcn30_hubbub.o
  CC [M]  /var/lib/dkms/amdgpu/6.0.5-1620033.22.04/build/amd/amdgpu/../display/dc/dcn30/dcn30_hubp.o
  CC [M]  /var/lib/dkms/amdgpu/6.0.5-1620033.22.04/build/amd/amdgpu/../display/dc/dcn30/dcn30_dpp.o
  CC [M]  /var/lib/dkms/amdgpu/6.0.5-1620033.22.04/build/amd/amdgpu/../display/dc/dcn30/dcn30_dccg.o
  CC [M]  /var/lib/dkms/amdgpu/6.0.5-1620033.22.04/build/amd/amdgpu/../display/dc/dcn30/dcn30_optc.o
  CC [M]  /var/lib/dkms/amdgpu/6.0.5-1620033.22.04/build/amd/amdgpu/../display/dc/dcn30/dcn30_hwseq.o
  CC [M]  /var/lib/dkms/amdgpu/6.0.5-1620033.22.04/build/amd/amdgpu/../display/dc/dcn30/dcn30_mpc.o
  CC [M]  /var/lib/dkms/amdgpu/6.0.5-1620033.22.04/build/amd/amdgpu/../display/dc/dcn30/dcn30_vpg.o
  CC [M]  /var/lib/dkms/amdgpu/6.0.5-1620033.22.04/build/amd/amdgpu/../display/dc/dcn30/dcn30_afmt.o
  CC [M]  /var/lib/dkms/amdgpu/6.0.5-1620033.22.04/build/amd/amdgpu/../display/dc/dcn30/dcn30_dio_stream_encoder.o
  CC [M]  /var/lib/dkms/amdgpu/6.0.5-1620033.22.04/build/amd/amdgpu/../display/dc/dcn30/dcn30_dwb.o
  CC [M]  /var/lib/dkms/amdgpu/6.0.5-1620033.22.04/build/amd/amdgpu/../display/dc/dcn30/dcn30_dpp_cm.o
  CC [M]  /var/lib/dkms/amdgpu/6.0.5-1620033.22.04/build/amd/amdgpu/../display/dc/dcn30/dcn30_dwb_cm.o
  CC [M]  /var/lib/dkms/amdgpu/6.0.5-1620033.22.04/build/amd/amdgpu/../display/dc/dcn30/dcn30_mmhubbub.o
  CC [M]  /var/lib/dkms/amdgpu/6.0.5-1620033.22.04/build/amd/amdgpu/../display/dc/dcn30/dcn30_cm_common.o
  CC [M]  /var/lib/dkms/amdgpu/6.0.5-1620033.22.04/build/amd/amdgpu/../display/dc/dcn30/dcn30_dio_link_encoder.o
  CC [M]  /var/lib/dkms/amdgpu/6.0.5-1620033.22.04/build/amd/amdgpu/../display/dc/dcn30/dcn30_resource.o
  CC [M]  /var/lib/dkms/amdgpu/6.0.5-1620033.22.04/build/amd/amdgpu/../display/dc/dcn301/dcn301_init.o
  CC [M]  /var/lib/dkms/amdgpu/6.0.5-1620033.22.04/build/amd/amdgpu/../display/dc/dcn301/dcn301_resource.o
  CC [M]  /var/lib/dkms/amdgpu/6.0.5-1620033.22.04/build/amd/amdgpu/../display/dc/dcn301/dcn301_dccg.o
  CC [M]  /var/lib/dkms/amdgpu/6.0.5-1620033.22.04/build/amd/amdgpu/../display/dc/dcn301/dcn301_dio_link_encoder.o
  CC [M]  /var/lib/dkms/amdgpu/6.0.5-1620033.22.04/build/amd/amdgpu/../display/dc/dcn301/dcn301_hwseq.o
  CC [M]  /var/lib/dkms/amdgpu/6.0.5-1620033.22.04/build/amd/amdgpu/../display/dc/dcn301/dcn301_panel_cntl.o
  CC [M]  /var/lib/dkms/amdgpu/6.0.5-1620033.22.04/build/amd/amdgpu/../display/dc/dcn301/dcn301_hubbub.o
  CC [M]  /var/lib/dkms/amdgpu/6.0.5-1620033.22.04/build/amd/amdgpu/../display/dc/dcn302/dcn302_init.o
  CC [M]  /var/lib/dkms/amdgpu/6.0.5-1620033.22.04/build/amd/amdgpu/../display/dc/dcn302/dcn302_hwseq.o
  CC [M]  /var/lib/dkms/amdgpu/6.0.5-1620033.22.04/build/amd/amdgpu/../display/dc/dcn302/dcn302_resource.o
  CC [M]  /var/lib/dkms/amdgpu/6.0.5-1620033.22.04/build/amd/amdgpu/../display/dc/dcn303/dcn303_init.o
  CC [M]  /var/lib/dkms/amdgpu/6.0.5-1620033.22.04/build/amd/amdgpu/../display/dc/dcn303/dcn303_hwseq.o
  CC [M]  /var/lib/dkms/amdgpu/6.0.5-1620033.22.04/build/amd/amdgpu/../display/dc/dcn303/dcn303_resource.o
  CC [M]  /var/lib/dkms/amdgpu/6.0.5-1620033.22.04/build/amd/amdgpu/../display/dc/dcn31/dcn31_resource.o
  CC [M]  /var/lib/dkms/amdgpu/6.0.5-1620033.22.04/build/amd/amdgpu/../display/dc/dcn31/dcn31_hubbub.o
  CC [M]  /var/lib/dkms/amdgpu/6.0.5-1620033.22.04/build/amd/amdgpu/../display/dc/dcn31/dcn31_hwseq.o
  CC [M]  /var/lib/dkms/amdgpu/6.0.5-1620033.22.04/build/amd/amdgpu/../display/dc/dcn31/dcn31_init.o
  CC [M]  /var/lib/dkms/amdgpu/6.0.5-1620033.22.04/build/amd/amdgpu/../display/dc/dcn31/dcn31_hubp.o
  CC [M]  /var/lib/dkms/amdgpu/6.0.5-1620033.22.04/build/amd/amdgpu/../display/dc/dcn31/dcn31_dccg.o
  CC [M]  /var/lib/dkms/amdgpu/6.0.5-1620033.22.04/build/amd/amdgpu/../display/dc/dcn31/dcn31_optc.o
  CC [M]  /var/lib/dkms/amdgpu/6.0.5-1620033.22.04/build/amd/amdgpu/../display/dc/dcn31/dcn31_dio_link_encoder.o
  CC [M]  /var/lib/dkms/amdgpu/6.0.5-1620033.22.04/build/amd/amdgpu/../display/dc/dcn31/dcn31_panel_cntl.o
  CC [M]  /var/lib/dkms/amdgpu/6.0.5-1620033.22.04/build/amd/amdgpu/../display/dc/dcn31/dcn31_apg.o
  CC [M]  /var/lib/dkms/amdgpu/6.0.5-1620033.22.04/build/amd/amdgpu/../display/dc/dcn31/dcn31_hpo_dp_stream_encoder.o
  CC [M]  /var/lib/dkms/amdgpu/6.0.5-1620033.22.04/build/amd/amdgpu/../display/dc/dcn31/dcn31_hpo_dp_link_encoder.o
  CC [M]  /var/lib/dkms/amdgpu/6.0.5-1620033.22.04/build/amd/amdgpu/../display/dc/dcn31/dcn31_afmt.o
  CC [M]  /var/lib/dkms/amdgpu/6.0.5-1620033.22.04/build/amd/amdgpu/../display/dc/dcn31/dcn31_vpg.o
  CC [M]  /var/lib/dkms/amdgpu/6.0.5-1620033.22.04/build/amd/amdgpu/../display/dc/dcn314/dcn314_resource.o
  CC [M]  /var/lib/dkms/amdgpu/6.0.5-1620033.22.04/build/amd/amdgpu/../display/dc/dcn314/dcn314_hwseq.o
  CC [M]  /var/lib/dkms/amdgpu/6.0.5-1620033.22.04/build/amd/amdgpu/../display/dc/dcn314/dcn314_init.o
  CC [M]  /var/lib/dkms/amdgpu/6.0.5-1620033.22.04/build/amd/amdgpu/../display/dc/dcn314/dcn314_dio_stream_encoder.o
  CC [M]  /var/lib/dkms/amdgpu/6.0.5-1620033.22.04/build/amd/amdgpu/../display/dc/dcn314/dcn314_dccg.o
  CC [M]  /var/lib/dkms/amdgpu/6.0.5-1620033.22.04/build/amd/amdgpu/../display/dc/dcn314/dcn314_optc.o
  CC [M]  /var/lib/dkms/amdgpu/6.0.5-1620033.22.04/build/amd/amdgpu/../display/dc/dcn315/dcn315_resource.o
  CC [M]  /var/lib/dkms/amdgpu/6.0.5-1620033.22.04/build/amd/amdgpu/../display/dc/dcn316/dcn316_resource.o
  CC [M]  /var/lib/dkms/amdgpu/6.0.5-1620033.22.04/build/amd/amdgpu/../display/dc/dcn32/dcn32_resource.o
  CC [M]  /var/lib/dkms/amdgpu/6.0.5-1620033.22.04/build/amd/amdgpu/../display/dc/dcn32/dcn32_hubbub.o
  CC [M]  /var/lib/dkms/amdgpu/6.0.5-1620033.22.04/build/amd/amdgpu/../display/dc/dcn32/dcn32_hwseq.o
  CC [M]  /var/lib/dkms/amdgpu/6.0.5-1620033.22.04/build/amd/amdgpu/../display/dc/dcn32/dcn32_init.o
  CC [M]  /var/lib/dkms/amdgpu/6.0.5-1620033.22.04/build/amd/amdgpu/../display/dc/dcn32/dcn32_dccg.o
  CC [M]  /var/lib/dkms/amdgpu/6.0.5-1620033.22.04/build/amd/amdgpu/../display/dc/dcn32/dcn32_optc.o
  CC [M]  /var/lib/dkms/amdgpu/6.0.5-1620033.22.04/build/amd/amdgpu/../display/dc/dcn32/dcn32_mmhubbub.o
  CC [M]  /var/lib/dkms/amdgpu/6.0.5-1620033.22.04/build/amd/amdgpu/../display/dc/dcn32/dcn32_hubp.o
  CC [M]  /var/lib/dkms/amdgpu/6.0.5-1620033.22.04/build/amd/amdgpu/../display/dc/dcn32/dcn32_dpp.o
  CC [M]  /var/lib/dkms/amdgpu/6.0.5-1620033.22.04/build/amd/amdgpu/../display/dc/dcn32/dcn32_dio_stream_encoder.o
  CC [M]  /var/lib/dkms/amdgpu/6.0.5-1620033.22.04/build/amd/amdgpu/../display/dc/dcn32/dcn32_dio_link_encoder.o
  CC [M]  /var/lib/dkms/amdgpu/6.0.5-1620033.22.04/build/amd/amdgpu/../display/dc/dcn32/dcn32_hpo_dp_link_encoder.o
  CC [M]  /var/lib/dkms/amdgpu/6.0.5-1620033.22.04/build/amd/amdgpu/../display/dc/dcn32/dcn32_resource_helpers.o
  CC [M]  /var/lib/dkms/amdgpu/6.0.5-1620033.22.04/build/amd/amdgpu/../display/dc/dcn32/dcn32_mpc.o
  CC [M]  /var/lib/dkms/amdgpu/6.0.5-1620033.22.04/build/amd/amdgpu/../display/dc/dcn321/dcn321_resource.o
  CC [M]  /var/lib/dkms/amdgpu/6.0.5-1620033.22.04/build/amd/amdgpu/../display/dc/dcn321/dcn321_dio_link_encoder.o
  CC [M]  /var/lib/dkms/amdgpu/6.0.5-1620033.22.04/build/amd/amdgpu/../display/dc/dce120/dce120_resource.o
  CC [M]  /var/lib/dkms/amdgpu/6.0.5-1620033.22.04/build/amd/amdgpu/../display/dc/dce120/dce120_timing_generator.o
  CC [M]  /var/lib/dkms/amdgpu/6.0.5-1620033.22.04/build/amd/amdgpu/../display/dc/dce120/dce120_hw_sequencer.o
  CC [M]  /var/lib/dkms/amdgpu/6.0.5-1620033.22.04/build/amd/amdgpu/../display/dc/dce112/dce112_compressor.o
  CC [M]  /var/lib/dkms/amdgpu/6.0.5-1620033.22.04/build/amd/amdgpu/../display/dc/dce112/dce112_hw_sequencer.o
  CC [M]  /var/lib/dkms/amdgpu/6.0.5-1620033.22.04/build/amd/amdgpu/../display/dc/dce112/dce112_resource.o
  CC [M]  /var/lib/dkms/amdgpu/6.0.5-1620033.22.04/build/amd/amdgpu/../display/dc/dce110/dce110_timing_generator.o
  CC [M]  /var/lib/dkms/amdgpu/6.0.5-1620033.22.04/build/amd/amdgpu/../display/dc/dce110/dce110_compressor.o
  CC [M]  /var/lib/dkms/amdgpu/6.0.5-1620033.22.04/build/amd/amdgpu/../display/dc/dce110/dce110_hw_sequencer.o
  CC [M]  /var/lib/dkms/amdgpu/6.0.5-1620033.22.04/build/amd/amdgpu/../display/dc/dce110/dce110_resource.o
  CC [M]  /var/lib/dkms/amdgpu/6.0.5-1620033.22.04/build/amd/amdgpu/../display/dc/dce110/dce110_opp_regamma_v.o
  CC [M]  /var/lib/dkms/amdgpu/6.0.5-1620033.22.04/build/amd/amdgpu/../display/dc/dce110/dce110_opp_csc_v.o
  CC [M]  /var/lib/dkms/amdgpu/6.0.5-1620033.22.04/build/amd/amdgpu/../display/dc/dce110/dce110_timing_generator_v.o
  CC [M]  /var/lib/dkms/amdgpu/6.0.5-1620033.22.04/build/amd/amdgpu/../display/dc/dce110/dce110_mem_input_v.o
  CC [M]  /var/lib/dkms/amdgpu/6.0.5-1620033.22.04/build/amd/amdgpu/../display/dc/dce110/dce110_opp_v.o
  CC [M]  /var/lib/dkms/amdgpu/6.0.5-1620033.22.04/build/amd/amdgpu/../display/dc/dce110/dce110_transform_v.o
  CC [M]  /var/lib/dkms/amdgpu/6.0.5-1620033.22.04/build/amd/amdgpu/../display/dc/dce100/dce100_resource.o
  CC [M]  /var/lib/dkms/amdgpu/6.0.5-1620033.22.04/build/amd/amdgpu/../display/dc/dce100/dce100_hw_sequencer.o
  CC [M]  /var/lib/dkms/amdgpu/6.0.5-1620033.22.04/build/amd/amdgpu/../display/dc/dce80/dce80_timing_generator.o
  CC [M]  /var/lib/dkms/amdgpu/6.0.5-1620033.22.04/build/amd/amdgpu/../display/dc/dce80/dce80_hw_sequencer.o
  CC [M]  /var/lib/dkms/amdgpu/6.0.5-1620033.22.04/build/amd/amdgpu/../display/dc/dce80/dce80_resource.o
  CC [M]  /var/lib/dkms/amdgpu/6.0.5-1620033.22.04/build/amd/amdgpu/../display/dc/hdcp/hdcp_msg.o
  CC [M]  /var/lib/dkms/amdgpu/6.0.5-1620033.22.04/build/amd/amdgpu/../display/dc/core/dc.o
  CC [M]  /var/lib/dkms/amdgpu/6.0.5-1620033.22.04/build/amd/amdgpu/../display/dc/core/dc_stat.o
  CC [M]  /var/lib/dkms/amdgpu/6.0.5-1620033.22.04/build/amd/amdgpu/../display/dc/core/dc_resource.o
  CC [M]  /var/lib/dkms/amdgpu/6.0.5-1620033.22.04/build/amd/amdgpu/../display/dc/core/dc_hw_sequencer.o
  CC [M]  /var/lib/dkms/amdgpu/6.0.5-1620033.22.04/build/amd/amdgpu/../display/dc/core/dc_sink.o
  CC [M]  /var/lib/dkms/amdgpu/6.0.5-1620033.22.04/build/amd/amdgpu/../display/dc/core/dc_surface.o
  CC [M]  /var/lib/dkms/amdgpu/6.0.5-1620033.22.04/build/amd/amdgpu/../display/dc/core/dc_debug.o
  CC [M]  /var/lib/dkms/amdgpu/6.0.5-1620033.22.04/build/amd/amdgpu/../display/dc/core/dc_stream.o
  CC [M]  /var/lib/dkms/amdgpu/6.0.5-1620033.22.04/build/amd/amdgpu/../display/dc/core/dc_link_enc_cfg.o
  CC [M]  /var/lib/dkms/amdgpu/6.0.5-1620033.22.04/build/amd/amdgpu/../display/dc/core/dc_link_exports.o
  CC [M]  /var/lib/dkms/amdgpu/6.0.5-1620033.22.04/build/amd/amdgpu/../display/dc/core/dc_vm_helper.o
  CC [M]  /var/lib/dkms/amdgpu/6.0.5-1620033.22.04/build/amd/amdgpu/../display/dc/dc_helper.o
  CC [M]  /var/lib/dkms/amdgpu/6.0.5-1620033.22.04/build/amd/amdgpu/../display/dc/dc_dmub_srv.o
  CC [M]  /var/lib/dkms/amdgpu/6.0.5-1620033.22.04/build/amd/amdgpu/../display/dc/dc_edid_parser.o
  CC [M]  /var/lib/dkms/amdgpu/6.0.5-1620033.22.04/build/amd/amdgpu/../display/modules/freesync/freesync.o
  CC [M]  /var/lib/dkms/amdgpu/6.0.5-1620033.22.04/build/amd/amdgpu/../display/modules/color/color_gamma.o
  CC [M]  /var/lib/dkms/amdgpu/6.0.5-1620033.22.04/build/amd/amdgpu/../display/modules/color/color_table.o
  CC [M]  /var/lib/dkms/amdgpu/6.0.5-1620033.22.04/build/amd/amdgpu/../display/modules/info_packet/info_packet.o
  CC [M]  /var/lib/dkms/amdgpu/6.0.5-1620033.22.04/build/amd/amdgpu/../display/modules/power/power_helpers.o
  CC [M]  /var/lib/dkms/amdgpu/6.0.5-1620033.22.04/build/amd/amdgpu/../display/dmub/src/dmub_srv.o
  CC [M]  /var/lib/dkms/amdgpu/6.0.5-1620033.22.04/build/amd/amdgpu/../display/dmub/src/dmub_srv_stat.o
  CC [M]  /var/lib/dkms/amdgpu/6.0.5-1620033.22.04/build/amd/amdgpu/../display/dmub/src/dmub_reg.o
  CC [M]  /var/lib/dkms/amdgpu/6.0.5-1620033.22.04/build/amd/amdgpu/../display/dmub/src/dmub_dcn20.o
  CC [M]  /var/lib/dkms/amdgpu/6.0.5-1620033.22.04/build/amd/amdgpu/../display/dmub/src/dmub_dcn21.o
  CC [M]  /var/lib/dkms/amdgpu/6.0.5-1620033.22.04/build/amd/amdgpu/../display/dmub/src/dmub_dcn30.o
  CC [M]  /var/lib/dkms/amdgpu/6.0.5-1620033.22.04/build/amd/amdgpu/../display/dmub/src/dmub_dcn301.o
  CC [M]  /var/lib/dkms/amdgpu/6.0.5-1620033.22.04/build/amd/amdgpu/../display/dmub/src/dmub_dcn302.o
  CC [M]  /var/lib/dkms/amdgpu/6.0.5-1620033.22.04/build/amd/amdgpu/../display/dmub/src/dmub_dcn303.o
  CC [M]  /var/lib/dkms/amdgpu/6.0.5-1620033.22.04/build/amd/amdgpu/../display/dmub/src/dmub_dcn31.o
  CC [M]  /var/lib/dkms/amdgpu/6.0.5-1620033.22.04/build/amd/amdgpu/../display/dmub/src/dmub_dcn315.o
  CC [M]  /var/lib/dkms/amdgpu/6.0.5-1620033.22.04/build/amd/amdgpu/../display/dmub/src/dmub_dcn316.o
  CC [M]  /var/lib/dkms/amdgpu/6.0.5-1620033.22.04/build/amd/amdgpu/../display/dmub/src/dmub_dcn32.o
  CC [M]  /var/lib/dkms/amdgpu/6.0.5-1620033.22.04/build/amd/amdgpu/../display/modules/hdcp/hdcp_ddc.o
  CC [M]  /var/lib/dkms/amdgpu/6.0.5-1620033.22.04/build/amd/amdgpu/../display/modules/hdcp/hdcp_log.o
  CC [M]  /var/lib/dkms/amdgpu/6.0.5-1620033.22.04/build/amd/amdgpu/../display/modules/hdcp/hdcp_psp.o
  CC [M]  /var/lib/dkms/amdgpu/6.0.5-1620033.22.04/build/amd/amdgpu/../display/modules/hdcp/hdcp.o
  CC [M]  /var/lib/dkms/amdgpu/6.0.5-1620033.22.04/build/amd/amdgpu/../display/modules/hdcp/hdcp1_execution.o
  CC [M]  /var/lib/dkms/amdgpu/6.0.5-1620033.22.04/build/amd/amdgpu/../display/modules/hdcp/hdcp1_transition.o
  CC [M]  /var/lib/dkms/amdgpu/6.0.5-1620033.22.04/build/amd/amdgpu/../display/modules/hdcp/hdcp2_execution.o
  CC [M]  /var/lib/dkms/amdgpu/6.0.5-1620033.22.04/build/amd/amdgpu/../display/modules/hdcp/hdcp2_transition.o
  CC [M]  /var/lib/dkms/amdgpu/6.0.5-1620033.22.04/build/amd/amdgpu/../backport/kcl_drm_fb_helper.o
  CC [M]  /var/lib/dkms/amdgpu/6.0.5-1620033.22.04/build/amd/amdgpu/../backport/kcl_drm_drv.o
  CC [M]  /var/lib/dkms/amdgpu/6.0.5-1620033.22.04/build/amd/amdgpu/../backport/kcl_drm_gem_ttm_helper.o
  CC [M]  /var/lib/dkms/amdgpu/6.0.5-1620033.22.04/build/amd/amdgpu/../backport/kcl_drm_gem_framebuffer_helper.o
  CC [M]  /var/lib/dkms/amdgpu/6.0.5-1620033.22.04/build/amd/amdgpu/../backport/kcl_drm_gem.o
  CC [M]  /var/lib/dkms/amdgpu/6.0.5-1620033.22.04/build/amd/amdgpu/../backport/kcl_drm_modeset_helper.o
  LD [M]  /var/lib/dkms/amdgpu/6.0.5-1620033.22.04/build/amd/amdgpu/amdgpu.o
  MODPOST /var/lib/dkms/amdgpu/6.0.5-1620033.22.04/build/Module.symvers
  CC [M]  /var/lib/dkms/amdgpu/6.0.5-1620033.22.04/build/amddrm_ttm_helper.mod.o
  CC [M]  /var/lib/dkms/amdgpu/6.0.5-1620033.22.04/build/amddrm_buddy.mod.o
  CC [M]  /var/lib/dkms/amdgpu/6.0.5-1620033.22.04/build/scheduler/amd-sched.mod.o
  CC [M]  /var/lib/dkms/amdgpu/6.0.5-1620033.22.04/build/amd/amdgpu/amdgpu.mod.o
  CC [M]  /var/lib/dkms/amdgpu/6.0.5-1620033.22.04/build/ttm/amdttm.mod.o
  CC [M]  /var/lib/dkms/amdgpu/6.0.5-1620033.22.04/build/amd/amdkcl/amdkcl.mod.o
  LD [M]  /var/lib/dkms/amdgpu/6.0.5-1620033.22.04/build/amddrm_buddy.ko
  LD [M]  /var/lib/dkms/amdgpu/6.0.5-1620033.22.04/build/scheduler/amd-sched.ko
  LD [M]  /var/lib/dkms/amdgpu/6.0.5-1620033.22.04/build/ttm/amdttm.ko
  BTF [M] /var/lib/dkms/amdgpu/6.0.5-1620033.22.04/build/amddrm_buddy.ko
Skipping BTF generation for /var/lib/dkms/amdgpu/6.0.5-1620033.22.04/build/amddrm_buddy.ko due to unavailability of vmlinux
  LD [M]  /var/lib/dkms/amdgpu/6.0.5-1620033.22.04/build/amddrm_ttm_helper.ko
  LD [M]  /var/lib/dkms/amdgpu/6.0.5-1620033.22.04/build/amd/amdkcl/amdkcl.ko
  BTF [M] /var/lib/dkms/amdgpu/6.0.5-1620033.22.04/build/scheduler/amd-sched.ko
Skipping BTF generation for /var/lib/dkms/amdgpu/6.0.5-1620033.22.04/build/scheduler/amd-sched.ko due to unavailability of vmlinux
  BTF [M] /var/lib/dkms/amdgpu/6.0.5-1620033.22.04/build/amddrm_ttm_helper.ko
Skipping BTF generation for /var/lib/dkms/amdgpu/6.0.5-1620033.22.04/build/amddrm_ttm_helper.ko due to unavailability of vmlinux
  BTF [M] /var/lib/dkms/amdgpu/6.0.5-1620033.22.04/build/amd/amdkcl/amdkcl.ko
Skipping BTF generation for /var/lib/dkms/amdgpu/6.0.5-1620033.22.04/build/amd/amdkcl/amdkcl.ko due to unavailability of vmlinux
  LD [M]  /var/lib/dkms/amdgpu/6.0.5-1620033.22.04/build/amd/amdgpu/amdgpu.ko
  BTF [M] /var/lib/dkms/amdgpu/6.0.5-1620033.22.04/build/ttm/amdttm.ko
Skipping BTF generation for /var/lib/dkms/amdgpu/6.0.5-1620033.22.04/build/ttm/amdttm.ko due to unavailability of vmlinux
  BTF [M] /var/lib/dkms/amdgpu/6.0.5-1620033.22.04/build/amd/amdgpu/amdgpu.ko
Skipping BTF generation for /var/lib/dkms/amdgpu/6.0.5-1620033.22.04/build/amd/amdgpu/amdgpu.ko due to unavailability of vmlinux
make: Leaving directory '/usr/src/linux-headers-6.2.0-26-generic'
